This is XeTeX, Version 3.141592653-2.6-0.999993 (MiKTeX 21.3) (preloaded format=xelatex 2021.5.20)  23 SEP 2021 17:34
entering extended mode
**./main.tex
(main.tex
LaTeX2e <2020-10-01> patch level 4
L3 programming layer <2021-05-07> (IUST-Thesis.cls

LaTeX Warning: You have requested document class `IUST-Thesis',
               but the document class provides `VThesis'.

Document Class: VThesis 10/21/2011 v0.4 Persian thesis document class in XeLaTe
X for University of Tabriz projects/theses/dissertations
(C:\Users\acer\AppData\Local\Programs\MiKTeX\tex/latex/base\book.cls
Document Class: book 2020/04/10 v1.4m Standard LaTeX document class
(C:\Users\acer\AppData\Local\Programs\MiKTeX\tex/latex/base\bk12.clo
File: bk12.clo 2020/04/10 v1.4m Standard LaTeX file (size option)
)
\c@part=\count175
\c@chapter=\count176
\c@section=\count177
\c@subsection=\count178
\c@subsubsection=\count179
\c@paragraph=\count180
\c@subparagraph=\count181
\c@figure=\count182
\c@table=\count183
\abovecaptionskip=\skip47
\belowcaptionskip=\skip48
\bibindent=\dimen138
))
(commands.tex
(C:\Users\acer\AppData\Local\Programs\MiKTeX\tex/latex/latex-tools\tabularx.sty
Package: tabularx 2020/01/15 v2.11c `tabularx' package (DPC)
(C:\Users\acer\AppData\Local\Programs\MiKTeX\tex/latex/latex-tools\array.sty
Package: array 2020/10/01 v2.5c Tabular extension package (FMi)
\col@sep=\dimen139
\ar@mcellbox=\box47
\extrarowheight=\dimen140
\NC@list=\toks15
\extratabsurround=\skip49
\backup@length=\skip50
\ar@cellbox=\box48
)
\TX@col@width=\dimen141
\TX@old@table=\dimen142
\TX@old@col=\dimen143
\TX@target=\dimen144
\TX@delta=\dimen145
\TX@cols=\count184
\TX@ftn=\toks16
)
(C:\Users\acer\AppData\Local\Programs\MiKTeX\tex/latex/ragged2e\ragged2e.sty
Package: ragged2e 2021/02/05 v3.0 ragged2e Package

(C:\Users\acer\AppData\Local\Programs\MiKTeX\tex/latex/everysel\everysel.sty
Package: everysel 2021/01/20 v2.1 EverySelectfont Package (MS)

(C:\Users\acer\AppData\Local\Programs\MiKTeX\tex/latex/everysel\everysel-2011-1
0-28.sty))
\CenteringLeftskip=\skip51
\RaggedLeftLeftskip=\skip52
\RaggedRightLeftskip=\skip53
\CenteringRightskip=\skip54
\RaggedLeftRightskip=\skip55
\RaggedRightRightskip=\skip56
\CenteringParfillskip=\skip57
\RaggedLeftParfillskip=\skip58
\RaggedRightParfillskip=\skip59
\JustifyingParfillskip=\skip60
\CenteringParindent=\skip61
\RaggedLeftParindent=\skip62
\RaggedRightParindent=\skip63
\JustifyingParindent=\skip64
)
(C:\Users\acer\AppData\Local\Programs\MiKTeX\tex/latex/amscls\amsthm.sty
Package: amsthm 2020/05/29 v2.20.6
\thm@style=\toks17
\thm@bodyfont=\toks18
\thm@headfont=\toks19
\thm@notefont=\toks20
\thm@headpunct=\toks21
\thm@preskip=\skip65
\thm@postskip=\skip66
\thm@headsep=\skip67
\dth@everypar=\toks22
)
(C:\Users\acer\AppData\Local\Programs\MiKTeX\tex/latex/amsfonts\amssymb.sty
Package: amssymb 2013/01/14 v3.01 AMS font symbols

(C:\Users\acer\AppData\Local\Programs\MiKTeX\tex/latex/amsfonts\amsfonts.sty
Package: amsfonts 2013/01/14 v3.01 Basic AMSFonts support
\@emptytoks=\toks23
\symAMSa=\mathgroup4
\symAMSb=\mathgroup5
LaTeX Font Info:    Redeclaring math symbol \hbar on input line 98.
LaTeX Font Info:    Overwriting math alphabet `\mathfrak' in version `bold'
(Font)                  U/euf/m/n --> U/euf/b/n on input line 106.
))
(C:\Users\acer\AppData\Local\Programs\MiKTeX\tex/latex/amsmath\amsmath.sty
Package: amsmath 2020/09/23 v2.17i AMS math features
\@mathmargin=\skip68

For additional information on amsmath, use the `?' option.
(C:\Users\acer\AppData\Local\Programs\MiKTeX\tex/latex/amsmath\amstext.sty
Package: amstext 2000/06/29 v2.01 AMS text

(C:\Users\acer\AppData\Local\Programs\MiKTeX\tex/latex/amsmath\amsgen.sty
File: amsgen.sty 1999/11/30 v2.0 generic functions
\@emptytoks=\toks24
\ex@=\dimen146
))
(C:\Users\acer\AppData\Local\Programs\MiKTeX\tex/latex/amsmath\amsbsy.sty
Package: amsbsy 1999/11/29 v1.2d Bold Symbols
\pmbraise@=\dimen147
)
(C:\Users\acer\AppData\Local\Programs\MiKTeX\tex/latex/amsmath\amsopn.sty
Package: amsopn 2016/03/08 v2.02 operator names
)
\inf@bad=\count185
LaTeX Info: Redefining \frac on input line 234.
\uproot@=\count186
\leftroot@=\count187
LaTeX Info: Redefining \overline on input line 399.
\classnum@=\count188
\DOTSCASE@=\count189
LaTeX Info: Redefining \ldots on input line 496.
LaTeX Info: Redefining \dots on input line 499.
LaTeX Info: Redefining \cdots on input line 620.
\Mathstrutbox@=\box49
\strutbox@=\box50
\big@size=\dimen148
LaTeX Font Info:    Redeclaring font encoding OML on input line 743.
LaTeX Font Info:    Redeclaring font encoding OMS on input line 744.
\macc@depth=\count190
\c@MaxMatrixCols=\count191
\dotsspace@=\muskip16
\c@parentequation=\count192
\dspbrk@lvl=\count193
\tag@help=\toks25
\row@=\count194
\column@=\count195
\maxfields@=\count196
\andhelp@=\toks26
\eqnshift@=\dimen149
\alignsep@=\dimen150
\tagshift@=\dimen151
\tagwidth@=\dimen152
\totwidth@=\dimen153
\lineht@=\dimen154
\@envbody=\toks27
\multlinegap=\skip69
\multlinetaggap=\skip70
\mathdisplay@stack=\toks28
LaTeX Info: Redefining \[ on input line 2923.
LaTeX Info: Redefining \] on input line 2924.
)
(C:\Users\acer\AppData\Local\Programs\MiKTeX\tex/latex/geometry\geometry.sty
Package: geometry 2020/01/02 v5.9 Page Geometry

(C:\Users\acer\AppData\Local\Programs\MiKTeX\tex/latex/graphics\keyval.sty
Package: keyval 2014/10/28 v1.15 key=value parser (DPC)
\KV@toks@=\toks29
)
(C:\Users\acer\AppData\Local\Programs\MiKTeX\tex/generic/iftex\ifvtex.sty
Package: ifvtex 2019/10/25 v1.7 ifvtex legacy package. Use iftex instead.

(C:\Users\acer\AppData\Local\Programs\MiKTeX\tex/generic/iftex\iftex.sty
Package: iftex 2020/03/06 v1.0d TeX engine tests
))
\Gm@cnth=\count197
\Gm@cntv=\count198
\c@Gm@tempcnt=\count199
\Gm@bindingoffset=\dimen155
\Gm@wd@mp=\dimen156
\Gm@odd@mp=\dimen157
\Gm@even@mp=\dimen158
\Gm@layoutwidth=\dimen159
\Gm@layoutheight=\dimen160
\Gm@layouthoffset=\dimen161
\Gm@layoutvoffset=\dimen162
\Gm@dimlist=\toks30

(C:\Users\acer\AppData\Local\Programs\MiKTeX\tex/xelatex/xetexconfig\geometry.c
fg))
(C:\Users\acer\AppData\Local\Programs\MiKTeX\tex/latex/graphics\graphicx.sty
Package: graphicx 2020/09/09 v1.2b Enhanced LaTeX Graphics (DPC,SPQR)

(C:\Users\acer\AppData\Local\Programs\MiKTeX\tex/latex/graphics\graphics.sty
Package: graphics 2020/08/30 v1.4c Standard LaTeX Graphics (DPC,SPQR)

(C:\Users\acer\AppData\Local\Programs\MiKTeX\tex/latex/graphics\trig.sty
Package: trig 2016/01/03 v1.10 sin cos tan (DPC)
)
(C:\Users\acer\AppData\Local\Programs\MiKTeX\tex/latex/graphics-cfg\graphics.cf
g
File: graphics.cfg 2016/06/04 v1.11 sample graphics configuration
)
Package graphics Info: Driver file: xetex.def on input line 105.

(C:\Users\acer\AppData\Local\Programs\MiKTeX\tex/latex/graphics-def\xetex.def
File: xetex.def 2021/03/18 v5.0k Graphics/color driver for xetex
))
\Gin@req@height=\dimen163
\Gin@req@width=\dimen164
) (C:\Users\acer\AppData\Local\Programs\MiKTeX\tex/latex/framed\framed.sty
Package: framed 2011/10/22 v 0.96: framed or shaded text with page breaks
\OuterFrameSep=\skip71
\fb@frw=\dimen165
\fb@frh=\dimen166
\FrameRule=\dimen167
\FrameSep=\dimen168
)
(C:\Users\acer\AppData\Local\Programs\MiKTeX\tex/latex/lastpage\lastpage.sty
Package: lastpage 2015/03/29 v1.2m Refers to last page's name (HMM; JPG)
)
(C:\Users\acer\AppData\Local\Programs\MiKTeX\tex/latex/hyperref\hyperref.sty
Package: hyperref 2021-02-27 v7.00k Hypertext links for LaTeX

(C:\Users\acer\AppData\Local\Programs\MiKTeX\tex/generic/ltxcmds\ltxcmds.sty
Package: ltxcmds 2020-05-10 v1.25 LaTeX kernel commands for general use (HO)
)
(C:\Users\acer\AppData\Local\Programs\MiKTeX\tex/generic/pdftexcmds\pdftexcmds.
sty
Package: pdftexcmds 2020-06-27 v0.33 Utility functions of pdfTeX for LuaTeX (HO
)

(C:\Users\acer\AppData\Local\Programs\MiKTeX\tex/generic/infwarerr\infwarerr.st
y
Package: infwarerr 2019/12/03 v1.5 Providing info/warning/error messages (HO)
)
Package pdftexcmds Info: \pdf@primitive is available.
Package pdftexcmds Info: \pdf@ifprimitive is available.
Package pdftexcmds Info: \pdfdraftmode not found.
)
(C:\Users\acer\AppData\Local\Programs\MiKTeX\tex/generic/kvsetkeys\kvsetkeys.st
y
Package: kvsetkeys 2019/12/15 v1.18 Key value parser (HO)
)
(C:\Users\acer\AppData\Local\Programs\MiKTeX\tex/generic/kvdefinekeys\kvdefinek
eys.sty
Package: kvdefinekeys 2019-12-19 v1.6 Define keys (HO)
)
(C:\Users\acer\AppData\Local\Programs\MiKTeX\tex/generic/pdfescape\pdfescape.st
y
Package: pdfescape 2019/12/09 v1.15 Implements pdfTeX's escape features (HO)
) (C:\Users\acer\AppData\Local\Programs\MiKTeX\tex/latex/hycolor\hycolor.sty
Package: hycolor 2020-01-27 v1.10 Color options for hyperref/bookmark (HO)
)
(C:\Users\acer\AppData\Local\Programs\MiKTeX\tex/latex/letltxmacro\letltxmacro.
sty
Package: letltxmacro 2019/12/03 v1.6 Let assignment for LaTeX macros (HO)
) (C:\Users\acer\AppData\Local\Programs\MiKTeX\tex/latex/auxhook\auxhook.sty
Package: auxhook 2019-12-17 v1.6 Hooks for auxiliary files (HO)
)
(C:\Users\acer\AppData\Local\Programs\MiKTeX\tex/latex/kvoptions\kvoptions.sty
Package: kvoptions 2020-10-07 v3.14 Key value format for package options (HO)
)
\@linkdim=\dimen169
\Hy@linkcounter=\count266
\Hy@pagecounter=\count267
(C:\Users\acer\AppData\Local\Programs\MiKTeX\tex/latex/hyperref\pd1enc.def
File: pd1enc.def 2021-02-27 v7.00k Hyperref: PDFDocEncoding definition (HO)
)
(C:\Users\acer\AppData\Local\Programs\MiKTeX\tex/latex/hyperref\hyperref-langpa
tches.def
File: hyperref-langpatches.def 2021-02-27 v7.00k Hyperref: patches for babel la
nguages
)
(C:\Users\acer\AppData\Local\Programs\MiKTeX\tex/generic/intcalc\intcalc.sty
Package: intcalc 2019/12/15 v1.3 Expandable calculations with integers (HO)
)
(C:\Users\acer\AppData\Local\Programs\MiKTeX\tex/generic/etexcmds\etexcmds.sty
Package: etexcmds 2019/12/15 v1.7 Avoid name clashes with e-TeX commands (HO)
)
\Hy@SavedSpaceFactor=\count268
(C:\Users\acer\AppData\Local\Programs\MiKTeX\tex/latex/hyperref\puenc.def
File: puenc.def 2021-02-27 v7.00k Hyperref: PDF Unicode definition (HO)
)
Package hyperref Info: Option `colorlinks' set `true' on input line 4073.
Package hyperref Info: Hyper figures OFF on input line 4192.
Package hyperref Info: Link nesting OFF on input line 4197.
Package hyperref Info: Hyper index ON on input line 4200.
Package hyperref Info: Plain pages OFF on input line 4207.
Package hyperref Info: Backreferencing OFF on input line 4212.
Package hyperref Info: Implicit mode ON; LaTeX internals redefined.
Package hyperref Info: Bookmarks ON on input line 4445.
\c@Hy@tempcnt=\count269

(C:\Users\acer\AppData\Local\Programs\MiKTeX\tex/latex/url\url.sty
\Urlmuskip=\muskip17
Package: url 2013/09/16  ver 3.4  Verb mode for urls, etc.
)
LaTeX Info: Redefining \url on input line 4804.
\XeTeXLinkMargin=\dimen170

(C:\Users\acer\AppData\Local\Programs\MiKTeX\tex/generic/bitset\bitset.sty
Package: bitset 2019/12/09 v1.3 Handle bit-vector datatype (HO)

(C:\Users\acer\AppData\Local\Programs\MiKTeX\tex/generic/bigintcalc\bigintcalc.
sty
Package: bigintcalc 2019/12/15 v1.5 Expandable calculations on big integers (HO
)
))
\Fld@menulength=\count270
\Field@Width=\dimen171
\Fld@charsize=\dimen172
Package hyperref Info: Hyper figures OFF on input line 6075.
Package hyperref Info: Link nesting OFF on input line 6080.
Package hyperref Info: Hyper index ON on input line 6083.
Package hyperref Info: backreferencing OFF on input line 6090.
Package hyperref Info: Link coloring ON on input line 6093.
Package hyperref Info: Link coloring with OCG OFF on input line 6100.
Package hyperref Info: PDF/A mode OFF on input line 6105.
LaTeX Info: Redefining \ref on input line 6145.
LaTeX Info: Redefining \pageref on input line 6149.

(C:\Users\acer\AppData\Local\Programs\MiKTeX\tex/latex/base\atbegshi-ltx.sty
Package: atbegshi-ltx 2020/08/17 v1.0a Emulation of the original atbegshi packa
ge
with kernel methods
)
\Hy@abspage=\count271
\c@Item=\count272
\c@Hfootnote=\count273
)
Package hyperref Info: Driver (autodetected): hxetex.

(C:\Users\acer\AppData\Local\Programs\MiKTeX\tex/latex/hyperref\hxetex.def
File: hxetex.def 2021-02-27 v7.00k Hyperref driver for XeTeX

(C:\Users\acer\AppData\Local\Programs\MiKTeX\tex/generic/stringenc\stringenc.st
y
Package: stringenc 2019/11/29 v1.12 Convert strings between diff. encodings (HO
)
)
\pdfm@box=\box51
\c@Hy@AnnotLevel=\count274
\HyField@AnnotCount=\count275
\Fld@listcount=\count276
\c@bookmark@seq@number=\count277

(C:\Users\acer\AppData\Local\Programs\MiKTeX\tex/latex/rerunfilecheck\rerunfile
check.sty
Package: rerunfilecheck 2019/12/05 v1.9 Rerun checks for auxiliary files (HO)

(C:\Users\acer\AppData\Local\Programs\MiKTeX\tex/latex/base\atveryend-ltx.sty
Package: atveryend-ltx 2020/08/19 v1.0a Emulation of the original atvery packag
e
with kernel methods
)
(C:\Users\acer\AppData\Local\Programs\MiKTeX\tex/generic/uniquecounter\uniqueco
unter.sty
Package: uniquecounter 2019/12/15 v1.4 Provide unlimited unique counter (HO)
)
Package uniquecounter Info: New unique counter `rerunfilecheck' on input line 2
86.
)
\Hy@SectionHShift=\skip72
)
(C:\Users\acer\AppData\Local\Programs\MiKTeX\tex/latex/fancyhdr\fancyhdr.sty
Package: fancyhdr 2021/01/28 v4.0.1 Extensive control of page headers and foote
rs
\f@nch@headwidth=\skip73
\f@nch@O@elh=\skip74
\f@nch@O@erh=\skip75
\f@nch@O@olh=\skip76
\f@nch@O@orh=\skip77
\f@nch@O@elf=\skip78
\f@nch@O@erf=\skip79
\f@nch@O@olf=\skip80
\f@nch@O@orf=\skip81
)
(C:\Users\acer\AppData\Local\Programs\MiKTeX\tex/latex/setspace\setspace.sty
Package: setspace 2011/12/19 v6.7a set line spacing
)
(C:\Users\acer\AppData\Local\Programs\MiKTeX\tex/latex/algorithms\algorithm.sty
Invalid UTF-8 byte or sequence at line 11 replaced by U+FFFD.
Package: algorithm 2009/08/24 v0.1 Document Style `algorithm' - floating enviro
nment
(C:\Users\acer\AppData\Local\Programs\MiKTeX\tex/latex/float\float.sty
Package: float 2001/11/08 v1.3d Float enhancements (AL)
\c@float@type=\count278
\float@exts=\toks31
\float@box=\box52
\@float@everytoks=\toks32
\@floatcapt=\box53
)
(C:\Users\acer\AppData\Local\Programs\MiKTeX\tex/latex/base\ifthen.sty
Package: ifthen 2014/09/29 v1.1c Standard LaTeX ifthen package (DPC)
)
\@float@every@algorithm=\toks33
\c@algorithm=\count279
)
(C:\Users\acer\AppData\Local\Programs\MiKTeX\tex/latex/algorithms\algorithmic.s
ty
Invalid UTF-8 byte or sequence at line 11 replaced by U+FFFD.
Package: algorithmic 2009/08/24 v0.1 Document Style `algorithmic'
\c@ALC@unique=\count280
\c@ALC@line=\count281
\c@ALC@rem=\count282
\c@ALC@depth=\count283
\ALC@tlm=\skip82
\algorithmicindent=\skip83
)
(C:\Users\acer\AppData\Local\Programs\MiKTeX\tex/latex/subfigure\subfigure.sty
Package: subfigure 2002/07/30 v2.1.4 subfigure package
\subfigtopskip=\skip84
\subfigcapskip=\skip85
\subfigcaptopadj=\dimen173
\subfigbottomskip=\skip86
\subfigcapmargin=\dimen174
\subfiglabelskip=\skip87
\c@subfigure=\count284
\c@lofdepth=\count285
\c@subtable=\count286
\c@lotdepth=\count287

****************************************
* Local config file subfigure.cfg used *
****************************************
(C:\Users\acer\AppData\Local\Programs\MiKTeX\tex/latex/subfigure\subfigure.cfg)
\subfig@top=\skip88
\subfig@bottom=\skip89
) (C:\Users\acer\AppData\Local\Programs\MiKTeX\tex/latex/tocloft\tocloft.sty
Package: tocloft 2017/08/31 v2.3i parameterised ToC, etc., typesetting
Package tocloft Info: The document has chapter divisions on input line 51.
\cftparskip=\skip90
\cftbeforetoctitleskip=\skip91
\cftaftertoctitleskip=\skip92
\cftbeforepartskip=\skip93
\cftpartnumwidth=\skip94
\cftpartindent=\skip95
\cftbeforechapskip=\skip96
\cftchapindent=\skip97
\cftchapnumwidth=\skip98
\cftbeforesecskip=\skip99
\cftsecindent=\skip100
\cftsecnumwidth=\skip101
\cftbeforesubsecskip=\skip102
\cftsubsecindent=\skip103
\cftsubsecnumwidth=\skip104
\cftbeforesubsubsecskip=\skip105
\cftsubsubsecindent=\skip106
\cftsubsubsecnumwidth=\skip107
\cftbeforeparaskip=\skip108
\cftparaindent=\skip109
\cftparanumwidth=\skip110
\cftbeforesubparaskip=\skip111
\cftsubparaindent=\skip112
\cftsubparanumwidth=\skip113
\cftbeforeloftitleskip=\skip114
\cftafterloftitleskip=\skip115
\cftbeforefigskip=\skip116
\cftfigindent=\skip117
\cftfignumwidth=\skip118
\cftbeforelottitleskip=\skip119
\cftafterlottitleskip=\skip120
\cftbeforetabskip=\skip121
\cfttabindent=\skip122
\cfttabnumwidth=\skip123
\cftbeforesubfigskip=\skip124
\cftsubfigindent=\skip125
\cftsubfignumwidth=\skip126
\cftbeforesubtabskip=\skip127
\cftsubtabindent=\skip128
\cftsubtabnumwidth=\skip129
)
(C:\Users\acer\AppData\Local\Programs\MiKTeX\tex/latex/tocbibind\tocbibind.sty
Package: tocbibind 2010/10/13 v1.5k extra ToC listings
Package tocbibind Info: The document has chapter divisions on input line 50.


Package tocbibind Note: Using chapter style headings, unless overridden.

) (C:\Users\acer\AppData\Local\Programs\MiKTeX\tex/latex/natbib\natbib.sty
Package: natbib 2010/09/13 8.31b (PWD, AO)
\bibhang=\skip130
\bibsep=\skip131
LaTeX Info: Redefining \cite on input line 694.
\c@NAT@ctr=\count288
)
(C:\Users\acer\AppData\Local\Programs\MiKTeX\tex/latex/base\makeidx.sty
Package: makeidx 2014/09/29 v1.0m Standard LaTeX package
)
\@indexfile=\write3
\openout3 = `main.idx'.


Writing index file main.idx

(C:\Users\acer\AppData\Local\Programs\MiKTeX\tex/xelatex/xepersian\xepersian.st
y
Package: xepersian 2020/05/17 v23.1 Persian typesetting in XeLaTeX
 (C:\Users\acer\AppData\Local\Programs\MiKTeX\tex/latex/fontspec\fontspec.sty
(C:\Users\acer\AppData\Local\Programs\MiKTeX\tex/latex/l3packages/xparse\xparse
.sty (C:\Users\acer\AppData\Local\Programs\MiKTeX\tex/latex/l3kernel\expl3.sty
Package: expl3 2021-05-07 L3 programming layer (loader) 

(C:\Users\acer\AppData\Local\Programs\MiKTeX\tex/latex/l3backend\l3backend-xete
x.def
File: l3backend-xetex.def 2021-05-07 L3 backend support: XeTeX
 ()
\c__kernel_sys_dvipdfmx_version_int=\count289
\l__color_backend_stack_int=\count290
\g__color_backend_stack_int=\count291
\g__graphics_track_int=\count292
\l__pdf_internal_box=\box54
\g__pdf_backend_object_int=\count293
\g__pdf_backend_annotation_int=\count294
\g__pdf_backend_link_int=\count295
))
(C:\Users\acer\AppData\Local\Programs\MiKTeX\tex/latex/l3packages/xparse\xparse
-2020-10-01.sty
(C:\Users\acer\AppData\Local\Programs\MiKTeX\tex/latex/l3packages/xparse\xparse
-generic.tex)))
Package: fontspec 2020/02/21 v2.7i Font selection for XeLaTeX and LuaLaTeX

(C:\Users\acer\AppData\Local\Programs\MiKTeX\tex/latex/fontspec\fontspec-xetex.
sty
Package: fontspec-xetex 2020/02/21 v2.7i Font selection for XeLaTeX and LuaLaTe
X
\l__fontspec_script_int=\count296
\l__fontspec_language_int=\count297
\l__fontspec_strnum_int=\count298
\l__fontspec_tmp_int=\count299
\l__fontspec_tmpa_int=\count300
\l__fontspec_tmpb_int=\count301
\l__fontspec_tmpc_int=\count302
\l__fontspec_em_int=\count303
\l__fontspec_emdef_int=\count304
\l__fontspec_strong_int=\count305
\l__fontspec_strongdef_int=\count306
\l__fontspec_tmpa_dim=\dimen175
\l__fontspec_tmpb_dim=\dimen176
\l__fontspec_tmpc_dim=\dimen177
 (C:\Users\acer\AppData\Local\Programs\MiKTeX\tex/latex/base\fontenc.sty
Package: fontenc 2020/08/10 v2.0s Standard LaTeX package
)
(C:\Users\acer\AppData\Local\Programs\MiKTeX\tex/latex/fontspec\fontspec.cfg)))

(C:\Users\acer\AppData\Local\Programs\MiKTeX\tex/xelatex/xepersian\xepersian-pe
rsiancal.sty
Package: xepersian-persiancal 2012/07/25 v0.2 provides Persian calendar
\XePersian@i=\count307
\XePersian@y=\count308
\XePersian@m=\count309
\XePersian@d=\count310
\XePersian@latini=\count311
\XePersian@persiani=\count312
\XePersian@latinii=\count313
\XePersian@persianii=\count314
\XePersian@latiniii=\count315
\XePersian@persianiii=\count316
\XePersian@latiniv=\count317
\XePersian@persianiv=\count318
\XePersian@latinv=\count319
\XePersian@persianv=\count320
\XePersian@latinvi=\count321
\XePersian@persianvi=\count322
\XePersian@latinvii=\count323
\XePersian@persianvii=\count324
\XePersian@latinviii=\count325
\XePersian@persianviii=\count326
\XePersian@latinix=\count327
\XePersian@persianix=\count328
\XePersian@latinx=\count329
\XePersian@persianx=\count330
\XePersian@latinxi=\count331
\XePersian@persianxi=\count332
\XePersian@latinxii=\count333
\XePersian@persianxii=\count334
\XePersian@persianxiii=\count335
\XePersian@temp=\count336
\XePersian@temptwo=\count337
\XePersian@tempthree=\count338
\XePersian@yModHundred=\count339
\XePersian@thirtytwo=\count340
\XePersian@dn=\count341
\XePersian@sn=\count342
\XePersian@mminusone=\count343
)
(C:\Users\acer\AppData\Local\Programs\MiKTeX\tex/xelatex/xepersian\xepersian-ma
thsdigitspec.sty
Package: xepersian-mathsdigitspec 2018/12/16 v1.1.7 Unicode Persian maths digit
s in XeLaTeX
)
(C:\Users\acer\AppData\Local\Programs\MiKTeX\tex/xelatex/bidi\bidi.sty
Package: bidi 2020/05/17 v36.3 Bidirectional typesetting in plain TeX and LaTeX


****************************************************
* 
* bidi package (Bidirectional typesetting in
* plain TeX and LaTeX, using XeTeX engine)
* 
* Description: A convenient interface for
* typesetting bidirectional texts in plain TeX
* and LaTeX. The package includes adaptations
* for use with many other commonly-used packages.
* 
* Copyright (c) 2007--2020 Vafa Khalighi
* Copyright (c) 2018--2020 bidi-tex GitHub organization
* 
* v36.3, 2020/05/17
* 
* License: LaTeX Project Public License, version
* 1.3c or higher (your choice)
* 
* Location on CTAN: /macros/xetex/latex/bidi
* 
* Issue tracker: https://github.com/persiantex/bidi/issues
* 
* Primary author of bidi package: Vafa Khalighi.
* 
****************************************************
(C:\Users\acer\AppData\Local\Programs\MiKTeX\tex/xelatex/bidi\biditools.sty
Package: biditools 2020/05/13 v2 Programming tools for bidi package
\@bidi@envbody=\toks34
\@bidi@emptytoks=\toks35
\bidi@poscount=\count344


Package biditools Warning: Patching `\enddocument' failed on input line 916.

\bidi@tempcountb=\count345
\bidi@temptoksa=\toks36
\bidi@temptoksb=\toks37
\bidi@dummies=\count346
\bidi@are@these@correct=\toks38
\bidi@toks@lista=\toks39
\bidi@toks@listb=\toks40
\bidi@stack@length=\count347
\bidi@empty@stack=\toks41
\bidi@looprepeat@depth=\count348
) (C:\Users\acer\AppData\Local\Programs\MiKTeX\tex/latex/zref\zref-abspage.sty
Package: zref-abspage 2020-07-03 v2.32 Module abspage for zref (HO)

(C:\Users\acer\AppData\Local\Programs\MiKTeX\tex/latex/zref\zref-base.sty
Package: zref-base 2020-07-03 v2.32 Module base for zref (HO)
Package zref Info: New property list: main on input line 764.
Package zref Info: New property: default on input line 765.
Package zref Info: New property: page on input line 766.
)
\c@abspage=\count349
Package zref Info: New property: abspage on input line 66.
)
(C:\Users\acer\AppData\Local\Programs\MiKTeX\tex/latex/xkeyval\xkeyval.sty
Package: xkeyval 2020/11/20 v2.8 package option processing (HA)

(C:\Users\acer\AppData\Local\Programs\MiKTeX\tex/generic/xkeyval\xkeyval.tex
(C:\Users\acer\AppData\Local\Programs\MiKTeX\tex/generic/xkeyval\xkvutils.tex
\XKV@toks=\toks42
\XKV@tempa@toks=\toks43
)
\XKV@depth=\count350
File: xkeyval.tex 2014/12/03 v2.7a key=value parser (HA)
))
\@bidi@copyins@=\insert252

(C:\Users\acer\AppData\Local\Programs\MiKTeX\tex/xelatex/bidi\latex-xetex-bidi.
def
File: latex-xetex-bidi.def 2019/03/03 v1.3.7 bidi adaptations for `latex.ltx' f
or XeTeX engine
\bidi@n@everypar=\toks44
\bidi@column@check@number=\count351

(C:\Users\acer\AppData\Local\Programs\MiKTeX\tex/xelatex/bidi\footnote-xetex-bi
di.def
File: footnote-xetex-bidi.def 2017/08/09 v1.1 bidi footnote macros for XeTeX en
gine
\c@footdir@label=\count352
\footdir@toks=\toks45
)
(C:\Users\acer\AppData\Local\Programs\MiKTeX\tex/xelatex/bidi\book-xetex-bidi.d
ef
File: book-xetex-bidi.def 2017/06/09 v1.0 bidi adaptations for standard book cl
ass for XeTeX engine
)
(C:\Users\acer\AppData\Local\Programs\MiKTeX\tex/xelatex/bidi\amsmath-xetex-bid
i.def
File: amsmath-xetex-bidi.def 2020/05/16 v1.2 bidi adaptations for amsmath packa
ge for XeTeX engine
)
(C:\Users\acer\AppData\Local\Programs\MiKTeX\tex/xelatex/bidi\amstext-xetex-bid
i.def
File: amstext-xetex-bidi.def 2016/09/12 v0.2 bidi adaptations for amstext packa
ge for XeTeX engine
)
(C:\Users\acer\AppData\Local\Programs\MiKTeX\tex/xelatex/bidi\amsthm-xetex-bidi
.def
File: amsthm-xetex-bidi.def 2010/07/25 v0.1 bidi adaptations for amsthm package
 for XeTeX engine
)
(C:\Users\acer\AppData\Local\Programs\MiKTeX\tex/xelatex/bidi\float-xetex-bidi.
def
File: float-xetex-bidi.def 2013/04/04 v0.2 bidi adaptations for float package f
or XeTeX engine
)
(C:\Users\acer\AppData\Local\Programs\MiKTeX\tex/xelatex/bidi\graphicx-xetex-bi
di.def
File: graphicx-xetex-bidi.def 2017/06/17 v0.5 bidi adaptations for graphicx pac
kage for XeTeX engine
)
(C:\Users\acer\AppData\Local\Programs\MiKTeX\tex/xelatex/bidi\geometry-xetex-bi
di.def
File: geometry-xetex-bidi.def 2017/01/14 v0.2 bidi adaptations for geometry pac
kage for XeTeX engine
)
(C:\Users\acer\AppData\Local\Programs\MiKTeX\tex/xelatex/bidi\tabularx-xetex-bi
di.def
File: tabularx-xetex-bidi.def 2014/11/08 v0.1 bidi adaptations for tabularx pac
kage for XeTeX engine
)
(C:\Users\acer\AppData\Local\Programs\MiKTeX\tex/xelatex/bidi\hyperref-xetex-bi
di.def
File: hyperref-xetex-bidi.def 2018/11/11 v1.1 bidi adaptations for hyperref pac
kage for XeTeX engine
)
(C:\Users\acer\AppData\Local\Programs\MiKTeX\tex/xelatex/bidi\fancyhdr-xetex-bi
di.def
File: fancyhdr-xetex-bidi.def 2018/02/15 v0.7 bidi adaptations for fancyhdr pac
kage for XeTeX engine
)
(C:\Users\acer\AppData\Local\Programs\MiKTeX\tex/xelatex/bidi\framed-xetex-bidi
.def
File: framed-xetex-bidi.def 2012/06/05 v0.3 bidi adaptations for framed package
 for XeTeX engine
)
(C:\Users\acer\AppData\Local\Programs\MiKTeX\tex/xelatex/bidi\array-xetex-bidi.
def
File: array-xetex-bidi.def 2015/11/07 v0.3 bidi adaptations for array package f
or XeTeX engine
)
(C:\Users\acer\AppData\Local\Programs\MiKTeX\tex/xelatex/bidi\subfigure-xetex-b
idi.def
File: subfigure-xetex-bidi.def 2010/03/01 v0.1 bidi adaptations for subfigure p
ackage for XeTeX engine
)
(C:\Users\acer\AppData\Local\Programs\MiKTeX\tex/xelatex/bidi\natbib-xetex-bidi
.def
File: natbib-xetex-bidi.def 2017/06/09 v0.2 bidi adaptations for natbib package
 for XeTeX engine
)
(C:\Users\acer\AppData\Local\Programs\MiKTeX\tex/xelatex/bidi\ragged2e-xetex-bi
di.def
File: ragged2e-xetex-bidi.def 2018/10/17 v0.3 bidi adaptations for ragged2e pac
kage for XeTeX engine
)
(C:\Users\acer\AppData\Local\Programs\MiKTeX\tex/xelatex/bidi\tocbibind-xetex-b
idi.def
File: tocbibind-xetex-bidi.def 2017/06/09 v0.4 bidi adaptations for tocbibind p
ackage for XeTeX engine
)
(C:\Users\acer\AppData\Local\Programs\MiKTeX\tex/xelatex/bidi\tocloft-xetex-bid
i.def
File: tocloft-xetex-bidi.def 2010/07/25 v0.2 bidi adaptations for tocloft packa
ge for XeTeX engine
))
(C:\Users\acer\AppData\Local\Programs\MiKTeX\tex/xelatex/bidi\loadingorder-xete
x-bidi.def
File: loadingorder-xetex-bidi.def 2017/12/29 v0.97 making sure that bidi is the
 last package loaded
)
\bidi@digits=\count353
\bidi@digits@charclass=\XeTeXcharclass1
\bidi@sepmark@charclass=\XeTeXcharclass2
)
****************************************************
* 
* xepersian package (Persian for LaTeX, using XeTeX engine)
* 
* Description: The package supports Persian
* typesetting, using fonts provided in the
* distribution.
* 
* Copyright (c) 2008--2020 Vafa Khalighi
* Copyright (c) 2018--2020 bidi-tex GitHub Organization
* 
* v23.1, 2020/05/17
* 
* License: LaTeX Project Public License, version
* 1.3c or higher (your choice)
* 
* Location on CTAN: /macros/xetex/latex/xepersian
* 
* Issue tracker: https://github.com/persiantex/xepersian/issues
* 
* Primary author of xepersian package: Vafa Khalighi.
* 
****************************************************
\xepersian@tcl=\count354
\xepersian@ilg=\dimen178
\xepersian@strutilg=\dimen179

(C:\Users\acer\AppData\Local\Programs\MiKTeX\tex/xelatex/xepersian\loadingorder
-xepersian.def
File: loadingorder-xepersian.def 2018/09/29 v0.5 making sure that xepersian is 
the last package loaded
)
(C:\Users\acer\AppData\Local\Programs\MiKTeX\tex/xelatex/xepersian\footnote-xep
ersian.def
File: footnote-xepersian.def 2017/08/09 v0.6 footnote macros for xepersian pack
age
)
(C:\Users\acer\AppData\Local\Programs\MiKTeX\tex/xelatex/xepersian\algorithmic-
xepersian.def
File: algorithmic-xepersian.def 2010/07/25 v0.2 adaptations for algorithmic pac
kage
)
(C:\Users\acer\AppData\Local\Programs\MiKTeX\tex/xelatex/xepersian\algorithm-xe
persian.def
File: algorithm-xepersian.def 2010/07/25 v0.2 adaptations for algorithm package

)
(C:\Users\acer\AppData\Local\Programs\MiKTeX\tex/xelatex/xepersian\framed-xeper
sian.def
File: framed-xepersian.def 2012/06/05 v0.1 xepersian adaptations for framed pac
kage for XeTeX engine
)
(C:\Users\acer\AppData\Local\Programs\MiKTeX\tex/xelatex/xepersian\hyperref-xep
ersian.def
File: hyperref-xepersian.def 2015/02/02 v0.6 bilingual captions for hyperref pa
ckage
)
(C:\Users\acer\AppData\Local\Programs\MiKTeX\tex/xelatex/xepersian\natbib-xeper
sian.def
File: natbib-xepersian.def 2011/08/01 v0.1 adaptations for natbib package
LaTeX Info: Redefining \Latincite on input line 243.
)
(C:\Users\acer\AppData\Local\Programs\MiKTeX\tex/xelatex/xepersian\tocloft-xepe
rsian.def
File: tocloft-xepersian.def 2010/07/25 v0.1 bilingual captions for tocloft pack
age
)
(C:\Users\acer\AppData\Local\Programs\MiKTeX\tex/xelatex/xepersian\book-xepersi
an.def
File: book-xepersian.def 2010/07/25 v0.2 adaptations for standard book class
)
(C:\Users\acer\AppData\Local\Programs\MiKTeX\tex/xelatex/bidi\extrafootnotefeat
ures-xetex-bidi.def
File: extrafootnotefeatures-xetex-bidi.def 2018/10/11 v1.7 bidi extra footnote 
features for XeTeX engine
\footmarkwidth=\skip132
\footinsdim=\skip133
\footinsv@r=\insert251
\footinsv@l=\insert250
\@mpfootinsv@r=\insert249
\@mpfootinsv@l=\insert248
\m@m@k=\count355
\m@m@h=\dimen180
\m@mipn@skip=\skip134
)
(C:\Users\acer\AppData\Local\Programs\MiKTeX\tex/xelatex/xepersian\extrafootnot
efeatures-xepersian.def
File: extrafootnotefeatures-xepersian.def 2012/01/01 v0.2 footnote macros for e
xtrafootnotefeatures option of xepersian package
)

Package fontspec Info: Font family 'lmroman10-regular(0)' created for font
(fontspec)             'lmroman10-regular' with options
(fontspec)             [Ligatures=TeX,Path,BoldFont={lmroman10-bold},BoldItalic
Font={lmroman10-bolditalic},ItalicFont={lmroman10-italic},SmallCapsFont={lmroma
ncaps10-regular},SlantedFont={lmromanslant10-regular},BoldSlantedFont={lmromans
lant10-bold}].
(fontspec)              
(fontspec)              This font family consists of the following NFSS
(fontspec)             series/shapes:
(fontspec)              
(fontspec)             - 'normal' (m/n) with NFSS spec.:
(fontspec)             <->"[lmroman10-regular]/OT:script=latn;language=dflt;map
ping=tex-text;"
(fontspec)             - 'small caps'  (m/sc) with NFSS spec.:
(fontspec)             <->"[lmromancaps10-regular]/OT:script=latn;language=dflt
;mapping=tex-text;"
(fontspec)             - 'bold' (b/n) with NFSS spec.:
(fontspec)             <->"[lmroman10-bold]/OT:script=latn;language=dflt;mappin
g=tex-text;"
(fontspec)             - 'bold small caps'  (b/sc) with NFSS spec.:
(fontspec)             <->"[lmromancaps10-regular]/OT:script=latn;language=dflt
;mapping=tex-text;"
(fontspec)             - 'italic' (m/it) with NFSS spec.:
(fontspec)             <->"[lmroman10-italic]/OT:script=latn;language=dflt;mapp
ing=tex-text;"
(fontspec)             - 'italic small caps'  (m/scit) with NFSS spec.:
(fontspec)             <->"[lmromancaps10-regular]/OT:script=latn;language=dflt
;mapping=tex-text;"
(fontspec)             - 'slanted' (m/sl) with NFSS spec.:
(fontspec)             <->"[lmromanslant10-regular]/OT:script=latn;language=dfl
t;mapping=tex-text;"
(fontspec)             - 'slanted small caps'  (m/scsl) with NFSS spec.:
(fontspec)             <->"[lmromancaps10-regular]/OT:script=latn;language=dflt
;mapping=tex-text;"
(fontspec)             - 'bold italic' (b/it) with NFSS spec.:
(fontspec)             <->"[lmroman10-bolditalic]/OT:script=latn;language=dflt;
mapping=tex-text;"
(fontspec)             - 'bold italic small caps'  (b/scit) with NFSS spec.:
(fontspec)             <->"[lmromancaps10-regular]/OT:script=latn;language=dflt
;mapping=tex-text;"
(fontspec)             - 'bold slanted' (b/sl) with NFSS spec.:
(fontspec)             <->"[lmromanslant10-bold]/OT:script=latn;language=dflt;m
apping=tex-text;"
(fontspec)             - 'bold slanted small caps'  (b/scsl) with NFSS spec.:
(fontspec)             <->"[lmromancaps10-regular]/OT:script=latn;language=dflt
;mapping=tex-text;"

)

Package fontspec Info: Font family 'XBNiloofar.ttf(0)' created for font 'XB
(fontspec)             Niloofar.ttf' with options
(fontspec)             [Script=Persian,Ligatures=PersianTeX,Scale=1].
(fontspec)              
(fontspec)              This font family consists of the following NFSS
(fontspec)             series/shapes:
(fontspec)              
(fontspec)             - 'normal' (m/n) with NFSS spec.: <->s*[1]"[XB
(fontspec)             Niloofar.ttf]/OT:script=arab;language=dflt;mapping=persi
an-tex-text;"
(fontspec)             - 'small caps'  (m/sc) with NFSS spec.: 

LaTeX Font Info:    Font shape `TU/XBNiloofar.ttf(0)/m/n' will be
(Font)              scaled to size 12.0pt on input line 44.

Package fontspec Info: Font family 'TimesNewRoman(0)' created for font 'Times
(fontspec)             New Roman' with options [Ligatures=TeX,Scale=0.9].
(fontspec)              
(fontspec)              This font family consists of the following NFSS
(fontspec)             series/shapes:
(fontspec)              
(fontspec)             - 'normal' (m/n) with NFSS spec.: <->s*[0.9]"Times New
(fontspec)             Roman/OT:script=latn;language=dflt;mapping=tex-text;"
(fontspec)             - 'small caps'  (m/sc) with NFSS spec.:
(fontspec)             <->s*[0.9]"Times New
(fontspec)             Roman/OT:script=latn;language=dflt;+smcp;mapping=tex-tex
t;"
(fontspec)             - 'bold' (b/n) with NFSS spec.: <->s*[0.9]"Times New
(fontspec)             Roman/B/OT:script=latn;language=dflt;mapping=tex-text;"
(fontspec)             - 'bold small caps'  (b/sc) with NFSS spec.:
(fontspec)             <->s*[0.9]"Times New
(fontspec)             Roman/B/OT:script=latn;language=dflt;+smcp;mapping=tex-t
ext;"
(fontspec)             - 'italic' (m/it) with NFSS spec.: <->s*[0.9]"Times New
(fontspec)             Roman/I/OT:script=latn;language=dflt;mapping=tex-text;"
(fontspec)             - 'italic small caps'  (m/scit) with NFSS spec.:
(fontspec)             <->s*[0.9]"Times New
(fontspec)             Roman/I/OT:script=latn;language=dflt;+smcp;mapping=tex-t
ext;"
(fontspec)             - 'bold italic' (b/it) with NFSS spec.:
(fontspec)             <->s*[0.9]"Times New
(fontspec)             Roman/BI/OT:script=latn;language=dflt;mapping=tex-text;"

(fontspec)             - 'bold italic small caps'  (b/scit) with NFSS spec.:
(fontspec)             <->s*[0.9]"Times New
(fontspec)             Roman/BI/OT:script=latn;language=dflt;+smcp;mapping=tex-
text;"

LaTeX Info: Redefining \latinfont on input line 45.
\c@definition=\count356


Package amsthm Warning: Unknown theoremstyle `theorem' on input line 82.

\mylenprt=\skip135
\mylenchp=\skip136
\mylenapp=\skip137
LaTeX Font Info:    Font shape `TU/XBNiloofar.ttf(0)/m/n' will be
(Font)              scaled to size 14.4pt on input line 125.

LaTeX Font Warning: Font shape `TU/XBNiloofar.ttf(0)/bx/n' undefined
(Font)              using `TU/XBNiloofar.ttf(0)/m/n' instead on input line 125.


LaTeX Font Info:    Font shape `TU/XBNiloofar.ttf(0)/bx/n' will be
(Font)              scaled to size 12.0pt on input line 126.
)

LaTeX Warning: Unused global option(s):
    [oneside,openany].

(main.aux (intro.aux) (relatedworks.aux) (VQADescribe.aux) (lxmert.aux)
(method.aux) (conclusion.aux) (dicfa2en.aux) (dicen2fa.aux))
\openout1 = `main.aux'.

LaTeX Font Info:    Checking defaults for OML/cmm/m/it on input line 16.
LaTeX Font Info:    ... okay on input line 16.
LaTeX Font Info:    Checking defaults for OMS/cmsy/m/n on input line 16.
LaTeX Font Info:    ... okay on input line 16.
LaTeX Font Info:    Checking defaults for OT1/cmr/m/n on input line 16.
LaTeX Font Info:    ... okay on input line 16.
LaTeX Font Info:    Checking defaults for T1/cmr/m/n on input line 16.
LaTeX Font Info:    ... okay on input line 16.
LaTeX Font Info:    Checking defaults for TS1/cmr/m/n on input line 16.
LaTeX Font Info:    Trying to load font information for TS1+cmr on input line 1
6.

(C:\Users\acer\AppData\Local\Programs\MiKTeX\tex/latex/base\ts1cmr.fd
File: ts1cmr.fd 2019/12/16 v2.5j Standard LaTeX font definitions
)
LaTeX Font Info:    ... okay on input line 16.
LaTeX Font Info:    Checking defaults for TU/lmr/m/n on input line 16.
LaTeX Font Info:    ... okay on input line 16.
LaTeX Font Info:    Checking defaults for OMX/cmex/m/n on input line 16.
LaTeX Font Info:    ... okay on input line 16.
LaTeX Font Info:    Checking defaults for U/cmr/m/n on input line 16.
LaTeX Font Info:    ... okay on input line 16.
LaTeX Font Info:    Checking defaults for PD1/pdf/m/n on input line 16.
LaTeX Font Info:    ... okay on input line 16.
LaTeX Font Info:    Checking defaults for PU/pdf/m/n on input line 16.
LaTeX Font Info:    ... okay on input line 16.

ABD: EverySelectfont initializing macros
LaTeX Info: Redefining \selectfont on input line 16.

*geometry* detected driver: pdftex
*geometry* verbose mode - [ preamble ] result:
* driver: pdftex
* paper: <default>
* layout: <same size as paper>
* layoutoffset:(h,v)=(0.0pt,0.0pt)
* modes: 
* h-part:(L,W,R)=(71.13188pt, 426.79135pt, 99.58464pt)
* v-part:(T,H,B)=(113.81102pt, 617.4248pt, 113.81102pt)
* \paperwidth=597.50787pt
* \paperheight=845.04684pt
* \textwidth=426.79135pt
* \textheight=617.4248pt
* \oddsidemargin=-1.1381pt
* \evensidemargin=-1.1381pt
* \topmargin=9.66724pt
* \headheight=12.0pt
* \headsep=19.8738pt
* \topskip=12.0pt
* \footskip=30.0pt
* \marginparwidth=38.0pt
* \marginparsep=7.0pt
* \columnsep=10.0pt
* \skip\footins=10.8pt plus 4.0pt minus 2.0pt
* \hoffset=0.0pt
* \voffset=0.0pt
* \mag=1000
* \@twocolumnfalse
* \@twosidefalse
* \@mparswitchfalse
* \@reversemarginfalse
* (1in=72.27pt=25.4mm, 1cm=28.453pt)

Package lastpage Info: Please have a look at the pageslts package at
(lastpage)             https://www.ctan.org/pkg/pageslts
(lastpage)             ! on input line 16.
(C:\Users\acer\AppData\Local\Programs\MiKTeX\tex/latex/graphics\color.sty
Package: color 2020/02/24 v1.2b Standard LaTeX Color (DPC)

(C:\Users\acer\AppData\Local\Programs\MiKTeX\tex/latex/graphics-cfg\color.cfg
File: color.cfg 2016/01/02 v1.6 sample color configuration
)
Package color Info: Driver file: xetex.def on input line 147.
)
Package hyperref Info: Link coloring ON on input line 16.
(C:\Users\acer\AppData\Local\Programs\MiKTeX\tex/latex/hyperref\nameref.sty
Package: nameref 2021-04-02 v2.47 Cross-referencing by name of section

(C:\Users\acer\AppData\Local\Programs\MiKTeX\tex/latex/refcount\refcount.sty
Package: refcount 2019/12/15 v3.6 Data extraction from label references (HO)
)
(C:\Users\acer\AppData\Local\Programs\MiKTeX\tex/generic/gettitlestring\gettitl
estring.sty
Package: gettitlestring 2019/12/15 v1.6 Cleanup title references (HO)
)
\c@section@level=\count357
)
LaTeX Info: Redefining \ref on input line 16.
LaTeX Info: Redefining \pageref on input line 16.
LaTeX Info: Redefining \nameref on input line 16.
 (main.out) (main.out)
\@outlinefile=\write4
\openout4 = `main.out'.

 (faTitle.tex
File: logo.pdf Graphic file (type pdf)
<use logo.pdf>


LaTeX Font Warning: Font shape `TU/XBNiloofar.ttf(0)/b/n' undefined
(Font)              using `TU/XBNiloofar.ttf(0)/bx/n' instead on input line 27.


LaTeX Font Info:    Font shape `TU/XBNiloofar.ttf(0)/bx/n' will be
(Font)              scaled to size 14.4pt on input line 27.
LaTeX Font Info:    Font shape `TU/XBNiloofar.ttf(0)/m/n' will be
(Font)              scaled to size 24.88pt on input line 27.
! Undefined control sequence.
\firstPage ...ty } \vskip 1.5cm {\huge \titlefont 
                                                  \@title }\par \vskip 5mm \...
l.27 \firstPage
               
The control sequence at the end of the top line
of your error message was never \def'ed. If you have
misspelled it (e.g., `\hobx'), type `I' and the correct
spelling (e.g., `I\hbox'). Otherwise just continue,
and I'll forget about whatever was undefined.


LaTeX Font Warning: Font shape `TU/XBNiloofar.ttf(0)/b/n' undefined
(Font)              using `TU/XBNiloofar.ttf(0)/bx/n' instead on input line 27.


LaTeX Font Info:    Font shape `TU/XBNiloofar.ttf(0)/m/n' will be
(Font)              scaled to size 17.28pt on input line 27.

LaTeX Font Warning: Font shape `TU/XBNiloofar.ttf(0)/b/n' undefined
(Font)              using `TU/XBNiloofar.ttf(0)/bx/n' instead on input line 27.


LaTeX Font Info:    Font shape `TU/XBNiloofar.ttf(0)/bx/n' will be
(Font)              scaled to size 17.28pt on input line 27.

LaTeX Font Warning: Font shape `TU/XBNiloofar.ttf(0)/b/n' undefined
(Font)              using `TU/XBNiloofar.ttf(0)/bx/n' instead on input line 27.


[1

]
File: besm.jpg Graphic file (type bmp)
<besm.jpg>
 [2]
! Undefined control sequence.
\davaranPage ...begin {center} {\Large \titlefont 
                                                  تأییدیه‌ی هیأت داوران جلسه...
l.29 \davaranPage
                 
The control sequence at the end of the top line
of your error message was never \def'ed. If you have
misspelled it (e.g., `\hobx'), type `I' and the correct
spelling (e.g., `I\hbox'). Otherwise just continue,
and I'll forget about whatever was undefined.

LaTeX Font Info:    Trying to load font information for U+msa on input line 35.

(C:\Users\acer\AppData\Local\Programs\MiKTeX\tex/latex/amsfonts\umsa.fd
File: umsa.fd 2013/01/14 v3.01 AMS symbols A
)
LaTeX Font Info:    Trying to load font information for U+msb on input line 35.


(C:\Users\acer\AppData\Local\Programs\MiKTeX\tex/latex/amsfonts\umsb.fd
File: umsb.fd 2013/01/14 v3.01 AMS symbols B
)
Overfull \hbox (1.46632pt too wide) in paragraph at lines 37--37
[][]|\TU/XBNiloofar.ttf(0)/bx/n/12 ردیف| []
 []


LaTeX Font Warning: Font shape `TU/XBNiloofar.ttf(0)/m/sl' undefined
(Font)              using `TU/XBNiloofar.ttf(0)/m/n' instead on input line 61.

[1]

LaTeX Font Warning: Font shape `TU/XBNiloofar.ttf(0)/b/n' undefined
(Font)              using `TU/XBNiloofar.ttf(0)/bx/n' instead on input line 61.


LaTeX Font Info:    Font shape `TU/TimesNewRoman(0)/m/n' will be
(Font)              scaled to size 10.79993pt on input line 61.
LaTeX Font Info:    Font shape `TU/XBNiloofar.ttf(0)/m/n' will be
(Font)              scaled to size 8.0pt on input line 61.
LaTeX Font Info:    Font shape `TU/XBNiloofar.ttf(0)/m/n' will be
(Font)              scaled to size 10.0pt on input line 61.
LaTeX Font Info:    Font shape `TU/TimesNewRoman(0)/m/n' will be
(Font)              scaled to size 8.99994pt on input line 61.
LaTeX Font Info:    Font shape `TU/TimesNewRoman(0)/m/n' will be
(Font)              scaled to size 6.29996pt on input line 61.

Overfull \hbox (4.0769pt too wide) in paragraph at lines 61--61
[] \TU/XBNiloofar.ttf(0)/bx/n/12 مدل‌های از قبل آموزش دیده در مقیاس بزرگ مانند 
[]\TU/TimesNewRoman(0)/m/n/12 LXMERT[] \TU/XBNiloofar.ttf(0)/bx/n/12 در حال محب
وب شدن برای یادگیری بازنمایی‌های[]
 []


LaTeX Font Warning: Font shape `TU/XBNiloofar.ttf(0)/b/n' undefined
(Font)              using `TU/XBNiloofar.ttf(0)/bx/n' instead on input line 61.


[2])

LaTeX Font Warning: Font shape `TU/XBNiloofar.ttf(0)/b/n' undefined
(Font)              using `TU/XBNiloofar.ttf(0)/bx/n' instead on input line 21.


LaTeX Font Info:    Font shape `TU/XBNiloofar.ttf(0)/bx/n' will be
(Font)              scaled to size 24.88pt on input line 21.
(main.toc

LaTeX Font Warning: Font shape `TU/XBNiloofar.ttf(0)/b/n' undefined
(Font)              using `TU/XBNiloofar.ttf(0)/bx/n' instead on input line 1.


LaTeX Font Warning: Font shape `TU/XBNiloofar.ttf(0)/b/n' undefined
(Font)              using `TU/XBNiloofar.ttf(0)/bx/n' instead on input line 1.


LaTeX Font Warning: Font shape `TU/XBNiloofar.ttf(0)/b/n' undefined
(Font)              using `TU/XBNiloofar.ttf(0)/bx/n' instead on input line 1.


LaTeX Font Warning: Font shape `TU/XBNiloofar.ttf(0)/b/n' undefined
(Font)              using `TU/XBNiloofar.ttf(0)/bx/n' instead on input line 2.


LaTeX Font Warning: Font shape `TU/XBNiloofar.ttf(0)/b/n' undefined
(Font)              using `TU/XBNiloofar.ttf(0)/bx/n' instead on input line 2.


LaTeX Font Warning: Font shape `TU/XBNiloofar.ttf(0)/b/n' undefined
(Font)              using `TU/XBNiloofar.ttf(0)/bx/n' instead on input line 2.


LaTeX Font Warning: Font shape `TU/XBNiloofar.ttf(0)/b/n' undefined
(Font)              using `TU/XBNiloofar.ttf(0)/bx/n' instead on input line 3.


LaTeX Font Warning: Font shape `TU/XBNiloofar.ttf(0)/b/n' undefined
(Font)              using `TU/XBNiloofar.ttf(0)/bx/n' instead on input line 3.


LaTeX Font Warning: Font shape `TU/XBNiloofar.ttf(0)/b/n' undefined
(Font)              using `TU/XBNiloofar.ttf(0)/bx/n' instead on input line 3.


LaTeX Font Warning: Font shape `TU/XBNiloofar.ttf(0)/b/n' undefined
(Font)              using `TU/XBNiloofar.ttf(0)/bx/n' instead on input line 6.


LaTeX Font Warning: Font shape `TU/XBNiloofar.ttf(0)/b/n' undefined
(Font)              using `TU/XBNiloofar.ttf(0)/bx/n' instead on input line 6.


LaTeX Font Warning: Font shape `TU/XBNiloofar.ttf(0)/b/n' undefined
(Font)              using `TU/XBNiloofar.ttf(0)/bx/n' instead on input line 6.


LaTeX Font Warning: Font shape `TU/XBNiloofar.ttf(0)/b/n' undefined
(Font)              using `TU/XBNiloofar.ttf(0)/bx/n' instead on input line 11.



LaTeX Font Warning: Font shape `TU/XBNiloofar.ttf(0)/b/n' undefined
(Font)              using `TU/XBNiloofar.ttf(0)/bx/n' instead on input line 11.



LaTeX Font Warning: Font shape `TU/XBNiloofar.ttf(0)/b/n' undefined
(Font)              using `TU/XBNiloofar.ttf(0)/bx/n' instead on input line 11.



LaTeX Font Warning: Font shape `TU/XBNiloofar.ttf(0)/b/n' undefined
(Font)              using `TU/XBNiloofar.ttf(0)/bx/n' instead on input line 16.


LaTeX Font Info:    Font shape `TU/TimesNewRoman(0)/bx/n' in size <12> not avai
lable
(Font)              Font shape `TU/TimesNewRoman(0)/b/n' tried instead on input
 line 16.
LaTeX Font Info:    Font shape `TU/TimesNewRoman(0)/b/n' will be
(Font)              scaled to size 10.79993pt on input line 16.

LaTeX Font Warning: Font shape `TU/XBNiloofar.ttf(0)/b/n' undefined
(Font)              using `TU/XBNiloofar.ttf(0)/bx/n' instead on input line 16.



LaTeX Font Warning: Font shape `TU/XBNiloofar.ttf(0)/b/n' undefined
(Font)              using `TU/XBNiloofar.ttf(0)/bx/n' instead on input line 16.


[3

]

LaTeX Font Warning: Font shape `TU/XBNiloofar.ttf(0)/b/n' undefined
(Font)              using `TU/XBNiloofar.ttf(0)/bx/n' instead on input line 31.



LaTeX Font Warning: Font shape `TU/XBNiloofar.ttf(0)/b/n' undefined
(Font)              using `TU/XBNiloofar.ttf(0)/bx/n' instead on input line 31.



LaTeX Font Warning: Font shape `TU/XBNiloofar.ttf(0)/b/n' undefined
(Font)              using `TU/XBNiloofar.ttf(0)/bx/n' instead on input line 31.



LaTeX Font Warning: Font shape `TU/XBNiloofar.ttf(0)/b/n' undefined
(Font)              using `TU/XBNiloofar.ttf(0)/bx/n' instead on input line 40.



LaTeX Font Warning: Font shape `TU/XBNiloofar.ttf(0)/b/n' undefined
(Font)              using `TU/XBNiloofar.ttf(0)/bx/n' instead on input line 40.



LaTeX Font Warning: Font shape `TU/XBNiloofar.ttf(0)/b/n' undefined
(Font)              using `TU/XBNiloofar.ttf(0)/bx/n' instead on input line 40.



LaTeX Font Warning: Font shape `TU/XBNiloofar.ttf(0)/b/n' undefined
(Font)              using `TU/XBNiloofar.ttf(0)/bx/n' instead on input line 43.



LaTeX Font Warning: Font shape `TU/XBNiloofar.ttf(0)/b/n' undefined
(Font)              using `TU/XBNiloofar.ttf(0)/bx/n' instead on input line 43.



LaTeX Font Warning: Font shape `TU/XBNiloofar.ttf(0)/b/n' undefined
(Font)              using `TU/XBNiloofar.ttf(0)/bx/n' instead on input line 43.


LaTeX Font Info:    Font shape `TU/XBNiloofar.ttf(0)/m/sl' will be
(Font)              scaled to size 12.0pt on input line 44.
[4]

LaTeX Font Warning: Font shape `TU/XBNiloofar.ttf(0)/b/n' undefined
(Font)              using `TU/XBNiloofar.ttf(0)/bx/n' instead on input line 44.



LaTeX Font Warning: Font shape `TU/XBNiloofar.ttf(0)/b/n' undefined
(Font)              using `TU/XBNiloofar.ttf(0)/bx/n' instead on input line 44.



LaTeX Font Warning: Font shape `TU/XBNiloofar.ttf(0)/b/n' undefined
(Font)              using `TU/XBNiloofar.ttf(0)/bx/n' instead on input line 44.



LaTeX Font Warning: Font shape `TU/XBNiloofar.ttf(0)/b/n' undefined
(Font)              using `TU/XBNiloofar.ttf(0)/bx/n' instead on input line 45.



LaTeX Font Warning: Font shape `TU/XBNiloofar.ttf(0)/b/n' undefined
(Font)              using `TU/XBNiloofar.ttf(0)/bx/n' instead on input line 45.



LaTeX Font Warning: Font shape `TU/XBNiloofar.ttf(0)/b/n' undefined
(Font)              using `TU/XBNiloofar.ttf(0)/bx/n' instead on input line 45.


)
\tf@toc=\write5
\openout5 = `main.toc'.

 [5]

LaTeX Font Warning: Font shape `TU/XBNiloofar.ttf(0)/b/n' undefined
(Font)              using `TU/XBNiloofar.ttf(0)/bx/n' instead on input line 22.


(main.lof)
\tf@lof=\write6
\openout6 = `main.lof'.

 [6] [7]

LaTeX Font Warning: Font shape `TU/XBNiloofar.ttf(0)/b/n' undefined
(Font)              using `TU/XBNiloofar.ttf(0)/bx/n' instead on input line 23.


(main.lot)
\tf@lot=\write7
\openout7 = `main.lot'.

 [8]
\openout2 = `intro.aux'.

 (intro.tex
فصل 1.

LaTeX Font Warning: Font shape `TU/XBNiloofar.ttf(0)/b/n' undefined
(Font)              using `TU/XBNiloofar.ttf(0)/bx/n' instead on input line 3.


LaTeX Font Warning: Font shape `TU/XBNiloofar.ttf(0)/b/n' undefined
(Font)              using `TU/XBNiloofar.ttf(0)/bx/n' instead on input line 8.

[1


]
File: images/vqa-blind.PNG Graphic file (type bmp)
<images/vqa-blind.PNG>
File: images/vqa-med.PNG Graphic file (type bmp)
<images/vqa-med.PNG>


Package fancyhdr Warning: \headheight is too small (12.0pt): 
(fancyhdr)                Make it at least 14.49998pt, for example:
(fancyhdr)                \setlength{\headheight}{14.49998pt}.
(fancyhdr)                You might also make \topmargin smaller to compensate:

(fancyhdr)                \addtolength{\topmargin}{-2.49998pt}.

[2]

LaTeX Font Warning: Font shape `TU/XBNiloofar.ttf(0)/b/n' undefined
(Font)              using `TU/XBNiloofar.ttf(0)/bx/n' instead on input line 30.



Package fancyhdr Warning: \headheight is too small (12.0pt): 
(fancyhdr)                Make it at least 14.49998pt, for example:
(fancyhdr)                \setlength{\headheight}{14.49998pt}.
(fancyhdr)                You might also make \topmargin smaller to compensate:

(fancyhdr)                \addtolength{\topmargin}{-2.49998pt}.

[3])

Package fancyhdr Warning: \headheight is too small (12.0pt): 
(fancyhdr)                Make it at least 14.49998pt, for example:
(fancyhdr)                \setlength{\headheight}{14.49998pt}.
(fancyhdr)                You might also make \topmargin smaller to compensate:

(fancyhdr)                \addtolength{\topmargin}{-2.49998pt}.

[4]
\openout2 = `relatedworks.aux'.

 (relatedworks.tex
فصل 2.

LaTeX Font Warning: Font shape `TU/XBNiloofar.ttf(0)/b/n' undefined
(Font)              using `TU/XBNiloofar.ttf(0)/bx/n' instead on input line 2.


LaTeX Font Warning: Font shape `TU/XBNiloofar.ttf(0)/b/n' undefined
(Font)              using `TU/XBNiloofar.ttf(0)/bx/n' instead on input line 14.


LaTeX Font Info:    Font shape `TU/TimesNewRoman(0)/bx/n' in size <17.28> not a
vailable
(Font)              Font shape `TU/TimesNewRoman(0)/b/n' tried instead on input
 line 14.
LaTeX Font Info:    Font shape `TU/TimesNewRoman(0)/b/n' will be
(Font)              scaled to size 15.55188pt on input line 14.
File: images/minivlm.PNG Graphic file (type bmp)
<images/minivlm.PNG>
[5




]
LaTeX Font Info:    Font shape `TU/TimesNewRoman(0)/m/sl' in size <12> not avai
lable
(Font)              Font shape `TU/TimesNewRoman(0)/m/it' tried instead on inpu
t line 62.
LaTeX Font Info:    Font shape `TU/TimesNewRoman(0)/m/it' will be
(Font)              scaled to size 10.79993pt on input line 62.


Package fancyhdr Warning: \headheight is too small (12.0pt): 
(fancyhdr)                Make it at least 14.49998pt, for example:
(fancyhdr)                \setlength{\headheight}{14.49998pt}.
(fancyhdr)                You might also make \topmargin smaller to compensate:

(fancyhdr)                \addtolength{\topmargin}{-2.49998pt}.

[6]

LaTeX Font Warning: Font shape `TU/XBNiloofar.ttf(0)/b/n' undefined
(Font)              using `TU/XBNiloofar.ttf(0)/bx/n' instead on input line 71.



Underfull \hbox (badness 10000) in paragraph at lines 73--100
[][]
 []


Package fancyhdr Warning: \headheight is too small (12.0pt): 
(fancyhdr)                Make it at least 14.85004pt, for example:
(fancyhdr)                \setlength{\headheight}{14.85004pt}.
(fancyhdr)                You might also make \topmargin smaller to compensate:

(fancyhdr)                \addtolength{\topmargin}{-2.85004pt}.

[7]

LaTeX Font Warning: Font shape `TU/XBNiloofar.ttf(0)/b/n' undefined
(Font)              using `TU/XBNiloofar.ttf(0)/bx/n' instead on input line 102
.


LaTeX Font Warning: Font shape `TU/XBNiloofar.ttf(0)/b/n' undefined
(Font)              using `TU/XBNiloofar.ttf(0)/bx/n' instead on input line 108
.

)

Package fancyhdr Warning: \headheight is too small (12.0pt): 
(fancyhdr)                Make it at least 14.85004pt, for example:
(fancyhdr)                \setlength{\headheight}{14.85004pt}.
(fancyhdr)                You might also make \topmargin smaller to compensate:

(fancyhdr)                \addtolength{\topmargin}{-2.85004pt}.

[8]
\openout2 = `VQADescribe.aux'.

 (VQADescribe.tex
فصل 3.

LaTeX Font Warning: Font shape `TU/XBNiloofar.ttf(0)/b/n' undefined
(Font)              using `TU/XBNiloofar.ttf(0)/bx/n' instead on input line 2.


LaTeX Font Warning: Font shape `TU/XBNiloofar.ttf(0)/b/n' undefined
(Font)              using `TU/XBNiloofar.ttf(0)/bx/n' instead on input line 13.


File: images/VQA_V1-real-image.PNG Graphic file (type bmp)
<images/VQA_V1-real-image.PNG>

LaTeX Font Warning: Font shape `TU/XBNiloofar.ttf(0)/b/n' undefined
(Font)              using `TU/XBNiloofar.ttf(0)/bx/n' instead on input line 30.


[9




]
File: images/VQA_V1-abs-image.PNG Graphic file (type bmp)
<images/VQA_V1-abs-image.PNG>


LaTeX Font Warning: Font shape `TU/XBNiloofar.ttf(0)/b/n' undefined
(Font)              using `TU/XBNiloofar.ttf(0)/bx/n' instead on input line 42.



Package fancyhdr Warning: \headheight is too small (12.0pt): 
(fancyhdr)                Make it at least 15.42337pt, for example:
(fancyhdr)                \setlength{\headheight}{15.42337pt}.
(fancyhdr)                You might also make \topmargin smaller to compensate:

(fancyhdr)                \addtolength{\topmargin}{-3.42337pt}.

[10]
File: images/VQA-V1-ui.PNG Graphic file (type bmp)
<images/VQA-V1-ui.PNG>


LaTeX Font Warning: Font shape `TU/XBNiloofar.ttf(0)/b/n' undefined
(Font)              using `TU/XBNiloofar.ttf(0)/bx/n' instead on input line 55.


File: images/VQA_V2.PNG Graphic file (type bmp)
<images/VQA_V2.PNG>

Package fancyhdr Warning: \headheight is too small (12.0pt): 
(fancyhdr)                Make it at least 15.88475pt, for example:
(fancyhdr)                \setlength{\headheight}{15.88475pt}.
(fancyhdr)                You might also make \topmargin smaller to compensate:

(fancyhdr)                \addtolength{\topmargin}{-3.88475pt}.

[11])

Package fancyhdr Warning: \headheight is too small (12.0pt): 
(fancyhdr)                Make it at least 15.42337pt, for example:
(fancyhdr)                \setlength{\headheight}{15.42337pt}.
(fancyhdr)                You might also make \topmargin smaller to compensate:

(fancyhdr)                \addtolength{\topmargin}{-3.42337pt}.

[12]
\openout2 = `lxmert.aux'.

 (lxmert.tex
فصل 4.

LaTeX Font Warning: Font shape `TU/XBNiloofar.ttf(0)/b/n' undefined
(Font)              using `TU/XBNiloofar.ttf(0)/bx/n' instead on input line 3.

LaTeX Font Info:    Font shape `TU/TimesNewRoman(0)/bx/n' in size <24.88> not a
vailable
(Font)              Font shape `TU/TimesNewRoman(0)/b/n' tried instead on input
 line 3.
LaTeX Font Info:    Font shape `TU/TimesNewRoman(0)/b/n' will be
(Font)              scaled to size 22.39185pt on input line 3.

LaTeX Font Warning: Font shape `TU/XBNiloofar.ttf(0)/b/n' undefined
(Font)              using `TU/XBNiloofar.ttf(0)/bx/n' instead on input line 19.


File: images/lxmert-arc.PNG Graphic file (type bmp)
<images/lxmert-arc.PNG>

LaTeX Font Warning: Font shape `TU/XBNiloofar.ttf(0)/b/n' undefined
(Font)              using `TU/XBNiloofar.ttf(0)/bx/n' instead on input line 41.



Overfull \hbox (11.08397pt too wide) in paragraph at lines 42--49
[]\TU/XBNiloofar.ttf(0)/m/sl/12 ورودی شبکه []\TU/TimesNewRoman(0)/m/n/12 LXMERT
[] \TU/XBNiloofar.ttf(0)/m/sl/12 از دو بخش []\TU/TimesNewRoman(0)/m/n/12 Word-L
evel Sentence Embedding[] \TU/XBNiloofar.ttf(0)/m/sl/12 و []\TU/TimesNewRoman(0
)/m/n/12 Object-Level Image Embeddings[][]
 []

[13




]

LaTeX Font Warning: Font shape `TU/XBNiloofar.ttf(0)/b/n' undefined
(Font)              using `TU/XBNiloofar.ttf(0)/bx/n' instead on input line 70.



LaTeX Font Warning: Font shape `TU/XBNiloofar.ttf(0)/b/n' undefined
(Font)              using `TU/XBNiloofar.ttf(0)/bx/n' instead on input line 84.



Package fancyhdr Warning: \headheight is too small (12.0pt): 
(fancyhdr)                Make it at least 14.49998pt, for example:
(fancyhdr)                \setlength{\headheight}{14.49998pt}.
(fancyhdr)                You might also make \topmargin smaller to compensate:

(fancyhdr)                \addtolength{\topmargin}{-2.49998pt}.

[14]

Package fancyhdr Warning: \headheight is too small (12.0pt): 
(fancyhdr)                Make it at least 14.49998pt, for example:
(fancyhdr)                \setlength{\headheight}{14.49998pt}.
(fancyhdr)                You might also make \topmargin smaller to compensate:

(fancyhdr)                \addtolength{\topmargin}{-2.49998pt}.

[15]

LaTeX Font Warning: Font shape `TU/XBNiloofar.ttf(0)/b/n' undefined
(Font)              using `TU/XBNiloofar.ttf(0)/bx/n' instead on input line 126
.

File: images/single-encoder.PNG Graphic file (type bmp)
<images/single-encoder.PNG>

Package fancyhdr Warning: \headheight is too small (12.0pt): 
(fancyhdr)                Make it at least 14.49998pt, for example:
(fancyhdr)                \setlength{\headheight}{14.49998pt}.
(fancyhdr)                You might also make \topmargin smaller to compensate:

(fancyhdr)                \addtolength{\topmargin}{-2.49998pt}.

[16]

LaTeX Font Warning: Font shape `TU/XBNiloofar.ttf(0)/b/n' undefined
(Font)              using `TU/XBNiloofar.ttf(0)/bx/n' instead on input line 154
.

File: images/cross-modal.PNG Graphic file (type bmp)
<images/cross-modal.PNG>

LaTeX Font Warning: Font shape `TU/XBNiloofar.ttf(0)/b/n' undefined
(Font)              using `TU/XBNiloofar.ttf(0)/bx/n' instead on input line 169
.


LaTeX Font Warning: Font shape `TU/XBNiloofar.ttf(0)/b/n' undefined
(Font)              using `TU/XBNiloofar.ttf(0)/bx/n' instead on input line 185
.


LaTeX Font Warning: Font shape `TU/XBNiloofar.ttf(0)/b/n' undefined
(Font)              using `TU/XBNiloofar.ttf(0)/bx/n' instead on input line 186
.

File: images/pretraining-lxmert.PNG Graphic file (type bmp)
<images/pretraining-lxmert.PNG>

Package fancyhdr Warning: \headheight is too small (12.0pt): 
(fancyhdr)                Make it at least 14.85004pt, for example:
(fancyhdr)                \setlength{\headheight}{14.85004pt}.
(fancyhdr)                You might also make \topmargin smaller to compensate:

(fancyhdr)                \addtolength{\topmargin}{-2.85004pt}.

[17]

LaTeX Font Warning: Font shape `TU/XBNiloofar.ttf(0)/b/n' undefined
(Font)              using `TU/XBNiloofar.ttf(0)/bx/n' instead on input line 202
.


LaTeX Font Warning: Font shape `TU/XBNiloofar.ttf(0)/b/n' undefined
(Font)              using `TU/XBNiloofar.ttf(0)/bx/n' instead on input line 230
.


LaTeX Font Warning: Font shape `TU/XBNiloofar.ttf(0)/b/n' undefined
(Font)              using `TU/XBNiloofar.ttf(0)/bx/n' instead on input line 240
.


Package fancyhdr Warning: \headheight is too small (12.0pt): 
(fancyhdr)                Make it at least 14.85004pt, for example:
(fancyhdr)                \setlength{\headheight}{14.85004pt}.
(fancyhdr)                You might also make \topmargin smaller to compensate:

(fancyhdr)                \addtolength{\topmargin}{-2.85004pt}.

[18]

LaTeX Font Warning: Font shape `TU/XBNiloofar.ttf(0)/b/n' undefined
(Font)              using `TU/XBNiloofar.ttf(0)/bx/n' instead on input line 258
.

LaTeX Font Info:    Font shape `TU/TimesNewRoman(0)/m/n' will be
(Font)              scaled to size 7.19995pt on input line 261.

LaTeX Font Warning: Font shape `TU/XBNiloofar.ttf(0)/b/n' undefined
(Font)              using `TU/XBNiloofar.ttf(0)/bx/n' instead on input line 272
.

File: images/LXMERT-result.PNG Graphic file (type bmp)
<images/LXMERT-result.PNG>
)

Package fancyhdr Warning: \headheight is too small (12.0pt): 
(fancyhdr)                Make it at least 14.85004pt, for example:
(fancyhdr)                \setlength{\headheight}{14.85004pt}.
(fancyhdr)                You might also make \topmargin smaller to compensate:

(fancyhdr)                \addtolength{\topmargin}{-2.85004pt}.

[19]
\openout2 = `method.aux'.

 (method.tex
فصل 5.

LaTeX Font Warning: Font shape `TU/XBNiloofar.ttf(0)/b/n' undefined
(Font)              using `TU/XBNiloofar.ttf(0)/bx/n' instead on input line 4.

[20




]

LaTeX Font Warning: Font shape `TU/XBNiloofar.ttf(0)/b/n' undefined
(Font)              using `TU/XBNiloofar.ttf(0)/bx/n' instead on input line 38.



Package fancyhdr Warning: \headheight is too small (12.0pt): 
(fancyhdr)                Make it at least 15.39407pt, for example:
(fancyhdr)                \setlength{\headheight}{15.39407pt}.
(fancyhdr)                You might also make \topmargin smaller to compensate:

(fancyhdr)                \addtolength{\topmargin}{-3.39407pt}.

[21]
File: images/Low_Magnitude_experiment_result.PNG Graphic file (type bmp)
<images/Low_Magnitude_experiment_result.PNG>


LaTeX Font Warning: Font shape `TU/XBNiloofar.ttf(0)/b/n' undefined
(Font)              using `TU/XBNiloofar.ttf(0)/bx/n' instead on input line 99.



LaTeX Font Warning: Font shape `TU/XBNiloofar.ttf(0)/b/n' undefined
(Font)              using `TU/XBNiloofar.ttf(0)/bx/n' instead on input line 109
.


Package fancyhdr Warning: \headheight is too small (12.0pt): 
(fancyhdr)                Make it at least 15.39407pt, for example:
(fancyhdr)                \setlength{\headheight}{15.39407pt}.
(fancyhdr)                You might also make \topmargin smaller to compensate:

(fancyhdr)                \addtolength{\topmargin}{-3.39407pt}.

[22]
File: images/Random_experiment_result.PNG Graphic file (type bmp)
<images/Random_experiment_result.PNG>


LaTeX Font Warning: Font shape `TU/XBNiloofar.ttf(0)/b/n' undefined
(Font)              using `TU/XBNiloofar.ttf(0)/bx/n' instead on input line 120
.


LaTeX Font Warning: Font shape `TU/XBNiloofar.ttf(0)/b/n' undefined
(Font)              using `TU/XBNiloofar.ttf(0)/bx/n' instead on input line 123
.

File: images/High_Magnitude_experiment_result.PNG Graphic file (type bmp)
<images/High_Magnitude_experiment_result.PNG>

Package fancyhdr Warning: \headheight is too small (12.0pt): 
(fancyhdr)                Make it at least 14.49998pt, for example:
(fancyhdr)                \setlength{\headheight}{14.49998pt}.
(fancyhdr)                You might also make \topmargin smaller to compensate:

(fancyhdr)                \addtolength{\topmargin}{-2.49998pt}.

[23]

LaTeX Font Warning: Font shape `TU/XBNiloofar.ttf(0)/b/n' undefined
(Font)              using `TU/XBNiloofar.ttf(0)/bx/n' instead on input line 136
.


Package fancyhdr Warning: \headheight is too small (12.0pt): 
(fancyhdr)                Make it at least 14.49998pt, for example:
(fancyhdr)                \setlength{\headheight}{14.49998pt}.
(fancyhdr)                You might also make \topmargin smaller to compensate:

(fancyhdr)                \addtolength{\topmargin}{-2.49998pt}.

[24]

LaTeX Font Warning: Font shape `TU/XBNiloofar.ttf(0)/b/n' undefined
(Font)              using `TU/XBNiloofar.ttf(0)/bx/n' instead on input line 143
.

File: images/experiment_result.PNG Graphic file (type bmp)
<images/experiment_result.PNG>

Package fancyhdr Warning: \headheight is too small (12.0pt): 
(fancyhdr)                Make it at least 15.42337pt, for example:
(fancyhdr)                \setlength{\headheight}{15.42337pt}.
(fancyhdr)                You might also make \topmargin smaller to compensate:

(fancyhdr)                \addtolength{\topmargin}{-3.42337pt}.

[25]

Package fancyhdr Warning: \headheight is too small (12.0pt): 
(fancyhdr)                Make it at least 15.42337pt, for example:
(fancyhdr)                \setlength{\headheight}{15.42337pt}.
(fancyhdr)                You might also make \topmargin smaller to compensate:

(fancyhdr)                \addtolength{\topmargin}{-3.42337pt}.

[26]

LaTeX Font Warning: Font shape `TU/XBNiloofar.ttf(0)/b/n' undefined
(Font)              using `TU/XBNiloofar.ttf(0)/bx/n' instead on input line 172
.

File: images/nvidia-smi.jpg Graphic file (type bmp)
<images/nvidia-smi.jpg>

Underfull \hbox (badness 10000) in paragraph at lines 196--242
[][]
 []


Package fancyhdr Warning: \headheight is too small (12.0pt): 
(fancyhdr)                Make it at least 14.85004pt, for example:
(fancyhdr)                \setlength{\headheight}{14.85004pt}.
(fancyhdr)                You might also make \topmargin smaller to compensate:

(fancyhdr)                \addtolength{\topmargin}{-2.85004pt}.

[27])

Package fancyhdr Warning: \headheight is too small (12.0pt): 
(fancyhdr)                Make it at least 14.85004pt, for example:
(fancyhdr)                \setlength{\headheight}{14.85004pt}.
(fancyhdr)                You might also make \topmargin smaller to compensate:

(fancyhdr)                \addtolength{\topmargin}{-2.85004pt}.

[28]
\openout2 = `conclusion.aux'.

 (conclusion.tex
فصل 6.

LaTeX Font Warning: Font shape `TU/XBNiloofar.ttf(0)/b/n' undefined
(Font)              using `TU/XBNiloofar.ttf(0)/bx/n' instead on input line 2.


LaTeX Font Warning: Font shape `TU/XBNiloofar.ttf(0)/b/n' undefined
(Font)              using `TU/XBNiloofar.ttf(0)/bx/n' instead on input line 5.


LaTeX Font Warning: Font shape `TU/XBNiloofar.ttf(0)/b/n' undefined
(Font)              using `TU/XBNiloofar.ttf(0)/bx/n' instead on input line 11.


[29




])

Package fancyhdr Warning: \headheight is too small (12.0pt): 
(fancyhdr)                Make it at least 14.99652pt, for example:
(fancyhdr)                \setlength{\headheight}{14.99652pt}.
(fancyhdr)                You might also make \topmargin smaller to compensate:

(fancyhdr)                \addtolength{\topmargin}{-2.99652pt}.

[30] (main.bbl

LaTeX Font Warning: Font shape `TU/XBNiloofar.ttf(0)/b/n' undefined
(Font)              using `TU/XBNiloofar.ttf(0)/bx/n' instead on input line 4.

LaTeX Font Info:    Font shape `TU/TimesNewRoman(0)/m/sc' will be
(Font)              scaled to size 10.79993pt on input line 10.
[31



])

Package fancyhdr Warning: \headheight is too small (12.0pt): 
(fancyhdr)                Make it at least 14.99652pt, for example:
(fancyhdr)                \setlength{\headheight}{14.99652pt}.
(fancyhdr)                You might also make \topmargin smaller to compensate:

(fancyhdr)                \addtolength{\topmargin}{-2.99652pt}.

[32]
\openout2 = `dicfa2en.aux'.

 (dicfa2en.tex

LaTeX Font Warning: Font shape `TU/XBNiloofar.ttf(0)/b/n' undefined
(Font)              using `TU/XBNiloofar.ttf(0)/bx/n' instead on input line 1.


Underfull \hbox (badness 10000) in paragraph at lines 5--53
[][]
 []

[33


])

Package fancyhdr Warning: \headheight is too small (12.0pt): 
(fancyhdr)                Make it at least 14.99652pt, for example:
(fancyhdr)                \setlength{\headheight}{14.99652pt}.
(fancyhdr)                You might also make \topmargin smaller to compensate:

(fancyhdr)                \addtolength{\topmargin}{-2.99652pt}.

[34]
\openout2 = `dicen2fa.aux'.

 (dicen2fa.tex

LaTeX Font Warning: Font shape `TU/XBNiloofar.ttf(0)/b/n' undefined
(Font)              using `TU/XBNiloofar.ttf(0)/bx/n' instead on input line 1.


Underfull \hbox (badness 10000) in paragraph at lines 7--53
[][]
 []

[35




])

Package fancyhdr Warning: \headheight is too small (12.0pt): 
(fancyhdr)                Make it at least 14.99652pt, for example:
(fancyhdr)                \setlength{\headheight}{14.99652pt}.
(fancyhdr)                You might also make \topmargin smaller to compensate:

(fancyhdr)                \addtolength{\topmargin}{-2.99652pt}.

[36]
No file main.ind.
(enTitle.tex [37



]
File: logo-en.pdf Graphic file (type pdf)
<use logo-en.pdf>
LaTeX Font Info:    Font shape `TU/TimesNewRoman(0)/m/n' will be
(Font)              scaled to size 12.9599pt on input line 21.
LaTeX Font Info:    Font shape `TU/TimesNewRoman(0)/b/n' will be
(Font)              scaled to size 12.9599pt on input line 21.


LaTeX Font Warning: Font shape `TU/XBNiloofar.ttf(0)/b/n' undefined
(Font)              using `TU/XBNiloofar.ttf(0)/m/n' instead on input line 21.

[38]) 
AED: lastpage setting LastPage
(main.aux (intro.aux) (relatedworks.aux) (VQADescribe.aux) (lxmert.aux)
(method.aux) (conclusion.aux) (dicfa2en.aux) (dicen2fa.aux))

LaTeX Font Warning: Some font shapes were not available, defaults substituted.

Package rerunfilecheck Info: File `main.out' has not changed.
(rerunfilecheck)             Checksum: F9D7C6497F8C900CE408D6E889FBE640;9316.
 ) 
Here is how much of TeX's memory you used:
 16314 strings out of 411578
 302089 string characters out of 2834568
 748241 words of memory out of 3000000
 35980 multiletter control sequences out of 15000+600000
 410829 words of font info for 97 fonts, out of 8000000 for 9000
 1348 hyphenation exceptions out of 8191
 93i,13n,98p,1347b,548s stack positions out of 5000i,500n,10000p,200000b,80000s

Output written on main.pdf (48 pages).
