\BOOKMARK [0][-]{section*.1}{\376\377\006\101\006\107\006\061\006\063\006\052\000\040\006\064\006\251\006\104\040\014\006\107\006\047}{}% 1
\BOOKMARK [0][-]{section*.2}{\376\377\006\101\006\107\006\061\006\063\006\052\000\040\040\014\006\054\006\057\006\110\006\104\040\014\006\107\006\047}{}% 2
\BOOKMARK [0][-]{chapter.1}{\376\377\006\105\006\102\006\057\006\105\006\107}{}% 3
\BOOKMARK [1][-]{section.1.1}{\376\377\006\251\006\047\006\061\006\050\006\061\006\057\000\040\006\110\000\040\006\047\006\107\006\105\006\314\006\052\000\040\006\105\006\063\006\046\006\104\006\107}{chapter.1}% 4
\BOOKMARK [1][-]{section.1.2}{\376\377\006\050\006\061\006\061\006\063\006\314\000\040\006\206\006\047\006\104\006\064\000\040\006\107\006\047\006\314\000\040\006\105\006\110\006\054\006\110\006\057\000\040\006\057\006\061\000\040\006\105\006\063\006\046\006\104\006\107}{chapter.1}% 5
\BOOKMARK [0][-]{chapter.2}{\376\377\006\105\006\061\006\110\006\061\006\314\000\040\006\050\006\061\000\040\006\251\006\047\006\061\040\014\006\107\006\047\006\314\000\040\006\105\006\061\006\052\006\050\006\067}{}% 6
\BOOKMARK [1][-]{section.2.1}{\376\377\006\064\006\050\006\251\006\107\000\040\000M\000i\000n\000i\000V\000L\000M}{chapter.2}% 7
\BOOKMARK [1][-]{section.2.2}{\376\377\006\101\006\061\006\066\006\314\006\107\000\040\006\050\006\104\006\314\006\067\000\040\006\050\006\056\006\052\040\014\006\042\006\062\006\105\006\047\006\314\006\314\000\040}{chapter.2}% 8
\BOOKMARK [2][-]{subsection.2.2.1}{\376\377\006\107\006\061\006\063\000\040\006\050\006\061\000\040\006\176\006\047\006\314\006\107\000\040\006\110\006\062\006\106\000\040\006\047\006\052\006\065\006\047\006\104\006\047\006\052}{section.2.2}% 9
\BOOKMARK [1][-]{section.2.3}{\376\377\006\101\006\061\006\066\006\314\006\107\000\040\006\050\006\104\006\314\006\067\000\040\006\050\006\056\006\052\040\014\006\042\006\062\006\105\006\047\006\314\006\314\000\040\006\057\006\061\000\040\000U\000N\000I\000T\000E\000R}{chapter.2}% 10
\BOOKMARK [0][-]{chapter.3}{\376\377\006\176\006\061\006\063\006\064\000\040\006\110\000\040\006\176\006\047\006\063\006\056\000\040\006\052\006\065\006\110\006\314\006\061\006\314}{}% 11
\BOOKMARK [1][-]{section.3.1}{\376\377\006\052\006\065\006\047\006\110\006\314\006\061\000\040\006\055\006\102\006\314\006\102\006\314\000\040\006\105\006\054\006\105\006\110\006\071\006\107\000\040\006\057\006\047\006\057\006\107\000\040\000V\000Q\000A}{chapter.3}% 12
\BOOKMARK [1][-]{section.3.2}{\376\377\006\052\006\065\006\047\006\110\006\314\006\061\000\040\006\047\006\106\006\052\006\062\006\047\006\071\006\314\000\040\006\105\006\054\006\105\006\110\006\071\006\107\000\040\006\057\006\047\006\057\006\107\000\040\000V\000Q\000A}{chapter.3}% 13
\BOOKMARK [1][-]{section.3.3}{\376\377\006\106\006\110\006\071\000\040\006\063\006\110\006\047\006\104\006\047\006\052\000\040\006\110\000\040\006\106\006\055\006\110\006\107\000\040\006\054\006\105\006\071\040\014\006\042\006\110\006\061\006\314\000\040\006\105\006\054\006\105\006\110\006\071\006\107\000\040\006\057\006\047\006\057\006\107\000\040\000V\000Q\000A}{chapter.3}% 14
\BOOKMARK [1][-]{section.3.4}{\376\377\006\105\006\054\006\105\006\110\006\071\006\107\000\040\006\057\006\047\006\057\006\107\000\040\000V\000Q\000A\000\040\000v\0002\000.\0000}{chapter.3}% 15
\BOOKMARK [0][-]{chapter.4}{\376\377\006\064\006\050\006\251\006\107\000\040\000L\000X\000M\000E\000R\000T}{}% 16
\BOOKMARK [1][-]{section.4.1}{\376\377\006\105\006\071\006\105\006\047\006\061\006\314\000\040\006\064\006\050\006\251\006\107}{chapter.4}% 17
\BOOKMARK [2][-]{subsection.4.1.1}{\376\377\006\110\006\061\006\110\006\057\006\314\000\040\006\064\006\050\006\251\006\107}{section.4.1}% 18
\BOOKMARK [2][-]{subsection.4.1.2}{\376\377\006\061\006\105\006\062\006\257\006\060\006\047\006\061\006\107\006\047\006\314\000\040\006\064\006\050\006\251\006\107}{section.4.1}% 19
\BOOKMARK [3][-]{subsubsection.4.1.2.1}{\376\377\006\104\006\047\006\314\006\107\000\040\006\052\006\110\006\054\006\107}{subsection.4.1.2}% 20
\BOOKMARK [3][-]{subsubsection.4.1.2.2}{\376\377\006\061\006\105\006\062\006\257\006\060\006\047\006\061\000\040\000S\000i\000n\000g\000l\000e\000-\000M\000o\000d\000a\000l\000i\000t\000y}{subsection.4.1.2}% 21
\BOOKMARK [3][-]{subsubsection.4.1.2.3}{\376\377\006\061\006\105\006\062\006\257\006\060\006\047\006\061\000\040\000C\000r\000o\000s\000s\000-\000M\000o\000d\000a\000l\000i\000t\000y}{subsection.4.1.2}% 22
\BOOKMARK [2][-]{subsection.4.1.3}{\376\377\006\056\006\061\006\110\006\054\006\314\000\040\006\064\006\050\006\251\006\107}{section.4.1}% 23
\BOOKMARK [1][-]{section.4.2}{\376\377\006\047\006\063\006\052\006\061\006\047\006\052\006\230\006\314\000\040\006\042\006\105\006\110\006\062\006\064\000\040\006\047\006\110\006\104\006\314\006\107\000\040}{chapter.4}% 24
\BOOKMARK [2][-]{subsection.4.2.1}{\376\377\000\040\006\061\006\110\006\064\040\014\006\107\006\047\006\314\000\040\006\042\006\105\006\110\006\062\006\064\000\040\006\047\006\110\006\104\006\314\006\107}{section.4.2}% 25
\BOOKMARK [3][-]{subsubsection.4.2.1.1}{\376\377\006\110\006\070\006\314\006\101\006\107\000\040\006\062\006\050\006\047\006\106\006\314\000:\000\040\000M\000a\000s\000k\000e\000d\000\040\000C\000r\000o\000s\000s\000-\000M\000o\000d\000a\000l\000i\000t\000y\000\040\000L\000M\000\040}{subsection.4.2.1}% 26
\BOOKMARK [3][-]{subsubsection.4.2.1.2}{\376\377\006\110\006\070\006\314\006\101\006\107\000\040\006\050\006\065\006\061\006\314\000:\000\040\000M\000a\000s\000k\000e\000d\000\040\000O\000b\000j\000e\000c\000t\000\040\000P\000r\000e\000d\000i\000c\000t\000i\000o\000n}{subsection.4.2.1}% 27
\BOOKMARK [3][-]{subsubsection.4.2.1.3}{\376\377\006\110\006\070\006\314\006\101\006\107\000\040\000C\000r\000o\000s\000s\000-\000M\000o\000d\000a\000l\000i\000t\000y}{subsection.4.2.1}% 28
\BOOKMARK [2][-]{subsection.4.2.2}{\376\377\006\105\006\054\006\105\006\110\006\071\006\107\000\040\006\057\006\047\006\057\006\107\000\040\006\047\006\063\006\052\006\101\006\047\006\057\006\107\000\040\006\064\006\057\006\107\000\040\006\057\006\061\000\040\006\042\006\105\006\110\006\062\006\064\000\040\006\047\006\110\006\104\006\314\006\107}{section.4.2}% 29
\BOOKMARK [2][-]{subsection.4.2.3}{\376\377\006\106\006\052\006\047\006\314\006\054}{section.4.2}% 30
\BOOKMARK [0][-]{chapter.5}{\376\377\006\101\006\064\006\061\006\057\006\107\040\014\006\063\006\047\006\062\006\314\000\040\006\064\006\050\006\251\006\107\000\040\000L\000X\000M\000E\000R\000T\000\040}{}% 31
\BOOKMARK [1][-]{section.5.1}{\376\377\006\107\006\061\006\063\000\040\006\047\006\052\006\065\006\047\006\104\006\047\006\052\000\040\006\251\006\105\000\040\006\110\006\062\006\106}{chapter.5}% 32
\BOOKMARK [2][-]{subsection.5.1.1}{\376\377\006\052\006\055\006\104\006\314\006\104\000\040\006\106\006\052\006\047\006\314\006\054}{section.5.1}% 33
\BOOKMARK [1][-]{section.5.2}{\376\377\006\107\006\061\006\063\000\040\006\047\006\052\006\065\006\047\006\104\006\047\006\052\000\040\006\050\006\107\000\040\006\065\006\110\006\061\006\052\000\040\006\052\006\065\006\047\006\057\006\101\006\314}{chapter.5}% 34
\BOOKMARK [2][-]{subsection.5.2.1}{\376\377\006\052\006\055\006\104\006\314\006\104\000\040\006\106\006\052\006\047\006\314\006\054}{section.5.2}% 35
\BOOKMARK [1][-]{section.5.3}{\376\377\006\107\006\061\006\063\000\040\006\047\006\052\006\065\006\047\006\104\006\047\006\052\000\040\006\050\006\047\000\040\006\110\006\062\006\106\000\040\006\062\006\314\006\047\006\057}{chapter.5}% 36
\BOOKMARK [2][-]{subsection.5.3.1}{\376\377\006\052\006\055\006\104\006\314\006\104\000\040\006\106\006\052\006\047\006\314\006\054}{section.5.3}% 37
\BOOKMARK [1][-]{section.5.4}{\376\377\006\105\006\102\006\047\006\314\006\063\006\107\000\040\006\106\006\052\006\047\006\314\006\054}{chapter.5}% 38
\BOOKMARK [1][-]{section.5.5}{\376\377\006\106\006\055\006\110\006\107\000\040\006\176\006\314\006\047\006\057\006\107\040\014\006\063\006\047\006\062\006\314\000\040\006\110\000\040\006\047\006\054\006\061\006\047\000\040\006\042\006\062\006\105\006\047\006\314\006\064\040\014\006\107\006\047}{chapter.5}% 39
\BOOKMARK [0][-]{chapter.6}{\376\377\006\106\006\052\006\314\006\054\006\107\040\014\006\257\006\314\006\061\006\314\000\040\006\110\000\040\006\176\006\314\006\064\006\106\006\107\006\047\006\057\006\047\006\052}{}% 40
\BOOKMARK [1][-]{section.6.1}{\376\377\006\106\006\052\006\314\006\054\006\107\040\014\006\257\006\314\006\061\006\314}{chapter.6}% 41
\BOOKMARK [1][-]{section.6.2}{\376\377\006\176\006\314\006\064\006\106\006\107\006\047\006\057\006\047\006\052\000\040\006\110\000\040\006\251\006\047\006\061\040\014\006\107\006\047\006\314\000\040\006\042\006\314\006\106\006\057\006\107}{chapter.6}% 42
\BOOKMARK [0][-]{chapter*.3}{\376\377\006\105\006\061\006\047\006\054\006\071}{}% 43
\BOOKMARK [0][-]{chapter*.4}{\376\377\006\110\006\047\006\230\006\107\040\014\006\106\006\047\006\105\006\107\000\040\006\101\006\047\006\061\006\063\006\314\000\040\006\050\006\107\000\040\006\047\006\106\006\257\006\104\006\314\006\063\006\314}{}% 44
\BOOKMARK [0][-]{chapter*.5}{\376\377\006\110\006\047\006\230\006\107\040\014\006\106\006\047\006\105\006\107\000\040\006\047\006\106\006\257\006\104\006\314\006\063\006\314\000\040\006\050\006\107\000\040\006\101\006\047\006\061\006\063\006\314}{}% 45
