============ Start pruning ============
Pruning models/vqa_lxmert_finetuned_seed0/BEST.pth
Initial score: 0.24921875
Score after iteration 0: 0.0
convert mask to low magnitude pruning.
Reset to initial weights based on the mask.
accuarcy is 0.38828125
============ End of pruning ============
============ Start pruning ============
Pruning models/vqa_lxmert_finetuned_seed0/BEST.pth
Initial score: 0.24921875
Score after iteration 0: 0.0
convert mask to low magnitude pruning.
Reset to initial weights based on the mask.
accuarcy is 0.38828125
============ End of pruning ============
============ Start pruning ============
Pruning models/vqa_lxmert_finetuned_seed0/BEST.pth
Initial score: 0.25292968749999994
Score after iteration 0: 0.25292968749999994
convert mask to low magnitude pruning.
save mask in models/vqa_lxmert_pruning_seed0/Low_Magnitude-10_percentage_mask.npz.
Reset to initial weights based on the mask.
accuarcy is 0.2931640625
============ End of pruning ============
============ Start pruning ============
Pruning models/vqa_lxmert_finetuned_seed0/BEST.pth
Initial score: 0.25292968749999994
Score after iteration 0: 0.25292968749999994
convert mask to low magnitude pruning.
save mask in models/vqa_lxmert_pruning_seed0/Low_Magnitude-10_percentage_mask.npz.
Reset to initial weights based on the mask.
accuarcy is 0.2931640625
============ End of pruning ============
